WORK=/tmp/go-build3886251060
mkdir -p $WORK/b014/
mkdir -p $WORK/b037/
echo '# import config' > $WORK/b014/importcfg # internal
cd /root/rem/god-rem/ProgrammingLanguages/Go/Proc
/usr/local/go/pkg/tool/linux_amd64/compile -o $WORK/b014/_pkg_.a -trimpath "$WORK/b014=>" -p internal/coverage/rtcov -lang=go1.23 -std -complete -buildid _mPqJbCeBfCoAvs7Yrnr/_mPqJbCeBfCoAvs7Yrnr -goversion go1.23.0 -c=4 -nolocalimports -importcfg $WORK/b014/importcfg -pack /usr/local/go/src/internal/coverage/rtcov/rtcov.go
echo '# import config' > $WORK/b037/importcfg # internal
/usr/local/go/pkg/tool/linux_amd64/compile -o $WORK/b037/_pkg_.a -trimpath "$WORK/b037=>" -p unicode -lang=go1.23 -std -complete -buildid n5zLkvyhH8At0rZYjCbB/n5zLkvyhH8At0rZYjCbB -goversion go1.23.0 -c=4 -nolocalimports -importcfg $WORK/b037/importcfg -pack /usr/local/go/src/unicode/casetables.go /usr/local/go/src/unicode/digit.go /usr/local/go/src/unicode/graphic.go /usr/local/go/src/unicode/letter.go /usr/local/go/src/unicode/tables.go
mkdir -p $WORK/b049/
mkdir -p $WORK/b050/
mkdir -p $WORK/b006/
mkdir -p $WORK/b013/
echo '# import config' > $WORK/b049/importcfg # internal
mkdir -p $WORK/b032/
/usr/local/go/pkg/tool/linux_amd64/compile -o $WORK/b049/_pkg_.a -trimpath "$WORK/b049=>" -p internal/asan -lang=go1.23 -std -complete -buildid -G8QJ1dTy9GL6jpIDgNa/-G8QJ1dTy9GL6jpIDgNa -goversion go1.23.0 -c=4 -nolocalimports -importcfg $WORK/b049/importcfg -pack /usr/local/go/src/internal/asan/doc.go /usr/local/go/src/internal/asan/noasan.go
mkdir -p $WORK/b026/
mkdir -p $WORK/b016/
mkdir -p $WORK/b030/
echo '# import config' > $WORK/b050/importcfg # internal
echo '# import config' > $WORK/b006/importcfg # internal
/usr/local/go/pkg/tool/linux_amd64/compile -o $WORK/b006/_pkg_.a -trimpath "$WORK/b006=>" -p internal/goarch -lang=go1.23 -std -complete -buildid hV2o-WuzhRc4xYxKzE7m/hV2o-WuzhRc4xYxKzE7m -goversion go1.23.0 -c=4 -nolocalimports -importcfg $WORK/b006/importcfg -pack /usr/local/go/src/internal/goarch/goarch.go /usr/local/go/src/internal/goarch/goarch_amd64.go /usr/local/go/src/internal/goarch/zgoarch_amd64.go
/usr/local/go/pkg/tool/linux_amd64/compile -o $WORK/b050/_pkg_.a -trimpath "$WORK/b050=>" -p internal/msan -lang=go1.23 -std -complete -buildid O_REvmdFijtrh87OUCCY/O_REvmdFijtrh87OUCCY -goversion go1.23.0 -c=4 -nolocalimports -importcfg $WORK/b050/importcfg -pack /usr/local/go/src/internal/msan/doc.go /usr/local/go/src/internal/msan/nomsan.go
echo '# import config' > $WORK/b032/importcfg # internal
/usr/local/go/pkg/tool/linux_amd64/compile -o $WORK/b032/_pkg_.a -trimpath "$WORK/b032=>" -p math/bits -lang=go1.23 -std -complete -buildid CdZ4v2KgDVRSoOXEImZ9/CdZ4v2KgDVRSoOXEImZ9 -goversion go1.23.0 -c=4 -nolocalimports -importcfg $WORK/b032/importcfg -pack /usr/local/go/src/math/bits/bits.go /usr/local/go/src/math/bits/bits_errors.go /usr/local/go/src/math/bits/bits_tables.go
echo '# import config' > $WORK/b016/importcfg # internal
/usr/local/go/pkg/tool/linux_amd64/compile -o $WORK/b016/_pkg_.a -trimpath "$WORK/b016=>" -p internal/goexperiment -lang=go1.23 -std -complete -buildid NfXiIQqfwlaK81r7hmW0/NfXiIQqfwlaK81r7hmW0 -goversion go1.23.0 -c=4 -nolocalimports -importcfg $WORK/b016/importcfg -pack /usr/local/go/src/internal/goexperiment/exp_aliastypeparams_off.go /usr/local/go/src/internal/goexperiment/exp_arenas_off.go /usr/local/go/src/internal/goexperiment/exp_boringcrypto_off.go /usr/local/go/src/internal/goexperiment/exp_cacheprog_off.go /usr/local/go/src/internal/goexperiment/exp_cgocheck2_off.go /usr/local/go/src/internal/goexperiment/exp_coverageredesign_on.go /usr/local/go/src/internal/goexperiment/exp_fieldtrack_off.go /usr/local/go/src/internal/goexperiment/exp_heapminimum512kib_off.go /usr/local/go/src/internal/goexperiment/exp_loopvar_off.go /usr/local/go/src/internal/goexperiment/exp_newinliner_off.go /usr/local/go/src/internal/goexperiment/exp_preemptibleloops_off.go /usr/local/go/src/internal/goexperiment/exp_rangefunc_off.go /usr/local/go/src/internal/goexperiment/exp_regabiargs_on.go /usr/local/go/src/internal/goexperiment/exp_regabiwrappers_on.go /usr/local/go/src/internal/goexperiment/exp_staticlockranking_off.go /usr/local/go/src/internal/goexperiment/flags.go
mkdir -p $WORK/b018/
mkdir -p $WORK/b021/
mkdir -p $WORK/b034/
mkdir -p $WORK/b028/
echo '# import config' > $WORK/b013/importcfg # internal
/usr/local/go/pkg/tool/linux_amd64/compile -o $WORK/b013/_pkg_.a -trimpath "$WORK/b013=>" -p internal/byteorder -lang=go1.23 -std -complete -buildid r5hQqKDRTnpMiD0CRs5l/r5hQqKDRTnpMiD0CRs5l -goversion go1.23.0 -c=4 -nolocalimports -importcfg $WORK/b013/importcfg -pack /usr/local/go/src/internal/byteorder/byteorder.go
echo '# import config' > $WORK/b028/importcfg # internal
/usr/local/go/pkg/tool/linux_amd64/compile -o $WORK/b028/_pkg_.a -trimpath "$WORK/b028=>" -p internal/itoa -lang=go1.23 -std -complete -buildid H_GJtF_Ibe6N-2cGXLoA/H_GJtF_Ibe6N-2cGXLoA -goversion go1.23.0 -c=4 -nolocalimports -importcfg $WORK/b028/importcfg -pack /usr/local/go/src/internal/itoa/itoa.go
echo '# import config' > $WORK/b034/importcfg # internal
/usr/local/go/pkg/tool/linux_amd64/compile -o $WORK/b034/_pkg_.a -trimpath "$WORK/b034=>" -p unicode/utf8 -lang=go1.23 -std -complete -buildid hMTNeCw9GPN5duNHwO5x/hMTNeCw9GPN5duNHwO5x -goversion go1.23.0 -c=4 -nolocalimports -importcfg $WORK/b034/importcfg -pack /usr/local/go/src/unicode/utf8/utf8.go
mkdir -p $WORK/b036/
mkdir -p $WORK/b015/
/usr/local/go/pkg/tool/linux_amd64/buildid -w $WORK/b049/_pkg_.a # internal
mkdir -p $WORK/b019/
mkdir -p $WORK/b017/
/usr/local/go/pkg/tool/linux_amd64/buildid -w $WORK/b050/_pkg_.a # internal
echo -n > $WORK/b021/go_asm.h # internal
cd /usr/local/go/src/internal/runtime/syscall
/usr/local/go/pkg/tool/linux_amd64/asm -p internal/runtime/syscall -trimpath "$WORK/b021=>" -I $WORK/b021/ -I /usr/local/go/pkg/include -D GOOS_linux -D GOARCH_amd64 -D GOAMD64_v1 -gensymabis -o $WORK/b021/symabis ./asm_linux_amd64.s
cp $WORK/b049/_pkg_.a /root/.cache/go-build/62/62717d284a6f3c978b59cd358c323ea4a420af69dad90357cd30001d64158cbb-d # internal
echo '# import config' > $WORK/b026/importcfg # internal
cd /root/rem/god-rem/ProgrammingLanguages/Go/Proc
/usr/local/go/pkg/tool/linux_amd64/compile -o $WORK/b026/_pkg_.a -trimpath "$WORK/b026=>" -p cmp -lang=go1.23 -std -complete -buildid cAjizVVyfoDVet5aHof8/cAjizVVyfoDVet5aHof8 -goversion go1.23.0 -c=4 -nolocalimports -importcfg $WORK/b026/importcfg -pack /usr/local/go/src/cmp/cmp.go
echo '# import config' > $WORK/b030/importcfg # internal
/usr/local/go/pkg/tool/linux_amd64/compile -o $WORK/b030/_pkg_.a -trimpath "$WORK/b030=>" -p internal/race -lang=go1.23 -std -complete -buildid xNQ1D6comCp9mRWzo6VO/xNQ1D6comCp9mRWzo6VO -goversion go1.23.0 -c=4 -nolocalimports -importcfg $WORK/b030/importcfg -pack /usr/local/go/src/internal/race/doc.go /usr/local/go/src/internal/race/norace.go
cp $WORK/b050/_pkg_.a /root/.cache/go-build/0f/0fadc3a9aaa594b59e1042fdd23367c84c3763d7d433a47837b5f98902ceb388-d # internal
mkdir -p $WORK/b011/
echo -n > $WORK/b036/go_asm.h # internal
cd /usr/local/go/src/sync/atomic
/usr/local/go/pkg/tool/linux_amd64/asm -p sync/atomic -trimpath "$WORK/b036=>" -I $WORK/b036/ -I /usr/local/go/pkg/include -D GOOS_linux -D GOARCH_amd64 -D GOAMD64_v1 -gensymabis -o $WORK/b036/symabis ./asm.s
/usr/local/go/pkg/tool/linux_amd64/buildid -w $WORK/b006/_pkg_.a # internal
/usr/local/go/pkg/tool/linux_amd64/buildid -w $WORK/b016/_pkg_.a # internal
echo '# import config' > $WORK/b015/importcfg # internal
cp $WORK/b016/_pkg_.a /root/.cache/go-build/95/9561a7d762f1bc9740a73834b7420dda6e2621c47c39c5e36e36b1bac048abfa-d # internal
echo -n > $WORK/b019/go_asm.h # internal
cd /root/rem/god-rem/ProgrammingLanguages/Go/Proc
/usr/local/go/pkg/tool/linux_amd64/compile -o $WORK/b015/_pkg_.a -trimpath "$WORK/b015=>" -p internal/godebugs -lang=go1.23 -std -complete -buildid AFpHiGEogc86sAak5Ylq/AFpHiGEogc86sAak5Ylq -goversion go1.23.0 -c=4 -nolocalimports -importcfg $WORK/b015/importcfg -pack /usr/local/go/src/internal/godebugs/table.go
cd /usr/local/go/src/internal/runtime/atomic
/usr/local/go/pkg/tool/linux_amd64/asm -p internal/runtime/atomic -trimpath "$WORK/b019=>" -I $WORK/b019/ -I /usr/local/go/pkg/include -D GOOS_linux -D GOARCH_amd64 -D GOAMD64_v1 -gensymabis -o $WORK/b019/symabis ./atomic_amd64.s
cp $WORK/b006/_pkg_.a /root/.cache/go-build/20/208e8f9b909fceaeec8a1f58a427e465b3863c5d5e23e28d22d7c4148e4996f5-d # internal
echo '# import config' > $WORK/b017/importcfg # internal
/usr/local/go/pkg/tool/linux_amd64/buildid -w $WORK/b014/_pkg_.a # internal
cd /root/rem/god-rem/ProgrammingLanguages/Go/Proc
/usr/local/go/pkg/tool/linux_amd64/compile -o $WORK/b017/_pkg_.a -trimpath "$WORK/b017=>" -p internal/goos -lang=go1.23 -std -complete -buildid tvDDPY5JK1RI5rVXQwNY/tvDDPY5JK1RI5rVXQwNY -goversion go1.23.0 -c=4 -nolocalimports -importcfg $WORK/b017/importcfg -pack /usr/local/go/src/internal/goos/goos.go /usr/local/go/src/internal/goos/unix.go /usr/local/go/src/internal/goos/zgoos_linux.go
echo '# import config' > $WORK/b018/importcfg # internal
/usr/local/go/pkg/tool/linux_amd64/compile -o $WORK/b018/_pkg_.a -trimpath "$WORK/b018=>" -p internal/profilerecord -lang=go1.23 -std -complete -buildid cdhCj6rOY8BDK52TZjbx/cdhCj6rOY8BDK52TZjbx -goversion go1.23.0 -c=4 -nolocalimports -importcfg $WORK/b018/importcfg -pack /usr/local/go/src/internal/profilerecord/profilerecord.go
cp $WORK/b014/_pkg_.a /root/.cache/go-build/54/546ad86d7bb59b2f0c8cea30c6e7535ffdd8a9c13be3d896a365d58e4869ab1e-d # internal
echo '# import config' > $WORK/b036/importcfg # internal
/usr/local/go/pkg/tool/linux_amd64/buildid -w $WORK/b028/_pkg_.a # internal
mkdir -p $WORK/b023/
/usr/local/go/pkg/tool/linux_amd64/buildid -w $WORK/b032/_pkg_.a # internal
/usr/local/go/pkg/tool/linux_amd64/compile -o $WORK/b036/_pkg_.a -trimpath "$WORK/b036=>" -p sync/atomic -lang=go1.23 -std -buildid KFdoKh4oE6sMSi0cj-tg/KFdoKh4oE6sMSi0cj-tg -goversion go1.23.0 -symabis $WORK/b036/symabis -c=4 -nolocalimports -importcfg $WORK/b036/importcfg -pack -asmhdr $WORK/b036/go_asm.h /usr/local/go/src/sync/atomic/doc.go /usr/local/go/src/sync/atomic/type.go /usr/local/go/src/sync/atomic/value.go
mkdir -p $WORK/b008/
cp $WORK/b028/_pkg_.a /root/.cache/go-build/46/464ffa44748ec9dcc1e9f8fb9a07a98d21eca2fcb8714b1f3c3eca7e9a0a37a0-d # internal
mkdir -p $WORK/b005/
echo -n > $WORK/b005/go_asm.h # internal
cd /usr/local/go/src/internal/abi
/usr/local/go/pkg/tool/linux_amd64/asm -p internal/abi -trimpath "$WORK/b005=>" -I $WORK/b005/ -I /usr/local/go/pkg/include -D GOOS_linux -D GOARCH_amd64 -D GOAMD64_v1 -gensymabis -o $WORK/b005/symabis ./abi_test.s ./stub.s
echo '# import config' > $WORK/b021/importcfg # internal
cd /root/rem/god-rem/ProgrammingLanguages/Go/Proc
/usr/local/go/pkg/tool/linux_amd64/compile -o $WORK/b021/_pkg_.a -trimpath "$WORK/b021=>" -p internal/runtime/syscall -lang=go1.23 -std -buildid AE8o9kA1K1HGdTRK1eMw/AE8o9kA1K1HGdTRK1eMw -goversion go1.23.0 -symabis $WORK/b021/symabis -c=4 -nolocalimports -importcfg $WORK/b021/importcfg -pack -asmhdr $WORK/b021/go_asm.h /usr/local/go/src/internal/runtime/syscall/defs_linux.go /usr/local/go/src/internal/runtime/syscall/defs_linux_amd64.go /usr/local/go/src/internal/runtime/syscall/syscall_linux.go
cat >/tmp/go-build3886251060/b023/importcfg << 'EOF' # internal
# import config
packagefile internal/goarch=/tmp/go-build3886251060/b006/_pkg_.a
EOF
/usr/local/go/pkg/tool/linux_amd64/compile -o $WORK/b023/_pkg_.a -trimpath "$WORK/b023=>" -p runtime/internal/math -lang=go1.23 -std -complete -buildid isF38T7a708DHbGy_b5y/isF38T7a708DHbGy_b5y -goversion go1.23.0 -c=4 -nolocalimports -importcfg $WORK/b023/importcfg -pack /usr/local/go/src/runtime/internal/math/math.go
echo -n > $WORK/b011/go_asm.h # internal
echo '# import config' > $WORK/b008/importcfg # internal
/usr/local/go/pkg/tool/linux_amd64/compile -o $WORK/b008/_pkg_.a -trimpath "$WORK/b008=>" -p internal/unsafeheader -lang=go1.23 -std -complete -buildid v9Kk_3TMb2ro6PUjjJ5z/v9Kk_3TMb2ro6PUjjJ5z -goversion go1.23.0 -c=4 -nolocalimports -importcfg $WORK/b008/importcfg -pack /usr/local/go/src/internal/unsafeheader/unsafeheader.go
/usr/local/go/pkg/tool/linux_amd64/buildid -w $WORK/b013/_pkg_.a # internal
/usr/local/go/pkg/tool/linux_amd64/buildid -w $WORK/b026/_pkg_.a # internal
cp $WORK/b013/_pkg_.a /root/.cache/go-build/cd/cd9323dbbc2aa17a5914d113982b7056b6a9e7924aee1d1f596a4f05e81274d8-d # internal
cp $WORK/b026/_pkg_.a /root/.cache/go-build/54/549c86e366c874470417f267e2e0d792787a7af3c2eee5735bb22701b46327f9-d # internal
mkdir -p $WORK/b012/
echo -n > $WORK/b012/go_asm.h # internal
cd /usr/local/go/src/internal/chacha8rand
/usr/local/go/pkg/tool/linux_amd64/asm -p internal/chacha8rand -trimpath "$WORK/b012=>" -I $WORK/b012/ -I /usr/local/go/pkg/include -D GOOS_linux -D GOARCH_amd64 -D GOAMD64_v1 -gensymabis -o $WORK/b012/symabis ./chacha8_amd64.s
cp $WORK/b032/_pkg_.a /root/.cache/go-build/87/8792724951b05cc82abbbc952b8b46b79b5d9404fdd4053eb4ed810381804d1f-d # internal
cd /usr/local/go/src/internal/cpu
/usr/local/go/pkg/tool/linux_amd64/asm -p internal/cpu -trimpath "$WORK/b011=>" -I $WORK/b011/ -I /usr/local/go/pkg/include -D GOOS_linux -D GOARCH_amd64 -D GOAMD64_v1 -gensymabis -o $WORK/b011/symabis ./cpu.s ./cpu_x86.s
/usr/local/go/pkg/tool/linux_amd64/buildid -w $WORK/b030/_pkg_.a # internal
cp $WORK/b030/_pkg_.a /root/.cache/go-build/40/40bc65605d74cc5d3e1c4b11f25f5ce8d037281d1b82f1ccbd2250a3ce490e18-d # internal
echo '# import config' > $WORK/b019/importcfg # internal
cd /root/rem/god-rem/ProgrammingLanguages/Go/Proc
/usr/local/go/pkg/tool/linux_amd64/compile -o $WORK/b019/_pkg_.a -trimpath "$WORK/b019=>" -p internal/runtime/atomic -lang=go1.23 -std -buildid 9cQGylXUU6uxCvc6DY__/9cQGylXUU6uxCvc6DY__ -goversion go1.23.0 -symabis $WORK/b019/symabis -c=4 -nolocalimports -importcfg $WORK/b019/importcfg -pack -asmhdr $WORK/b019/go_asm.h /usr/local/go/src/internal/runtime/atomic/atomic_amd64.go /usr/local/go/src/internal/runtime/atomic/doc.go /usr/local/go/src/internal/runtime/atomic/stubs.go /usr/local/go/src/internal/runtime/atomic/types.go /usr/local/go/src/internal/runtime/atomic/types_64bit.go /usr/local/go/src/internal/runtime/atomic/unaligned.go
cat >/tmp/go-build3886251060/b005/importcfg << 'EOF' # internal
# import config
packagefile internal/goarch=/tmp/go-build3886251060/b006/_pkg_.a
EOF
/usr/local/go/pkg/tool/linux_amd64/buildid -w $WORK/b017/_pkg_.a # internal
cp $WORK/b017/_pkg_.a /root/.cache/go-build/b0/b0a188a7f85e9ca4c50293c5e571d67a9744d411c9bb293015ed06090a5c5c33-d # internal
/usr/local/go/pkg/tool/linux_amd64/compile -o $WORK/b005/_pkg_.a -trimpath "$WORK/b005=>" -p internal/abi -lang=go1.23 -std -buildid w4flKpwOAFBMKYKXQpMe/w4flKpwOAFBMKYKXQpMe -goversion go1.23.0 -symabis $WORK/b005/symabis -c=4 -nolocalimports -importcfg $WORK/b005/importcfg -pack -asmhdr $WORK/b005/go_asm.h /usr/local/go/src/internal/abi/abi.go /usr/local/go/src/internal/abi/abi_amd64.go /usr/local/go/src/internal/abi/compiletype.go /usr/local/go/src/internal/abi/escape.go /usr/local/go/src/internal/abi/funcpc.go /usr/local/go/src/internal/abi/iface.go /usr/local/go/src/internal/abi/map.go /usr/local/go/src/internal/abi/rangefuncconsts.go /usr/local/go/src/internal/abi/runtime.go /usr/local/go/src/internal/abi/stack.go /usr/local/go/src/internal/abi/switch.go /usr/local/go/src/internal/abi/symtab.go /usr/local/go/src/internal/abi/type.go
mkdir -p $WORK/b024/
cat >/tmp/go-build3886251060/b024/importcfg << 'EOF' # internal
# import config
packagefile internal/goarch=/tmp/go-build3886251060/b006/_pkg_.a
packagefile internal/goos=/tmp/go-build3886251060/b017/_pkg_.a
EOF
/usr/local/go/pkg/tool/linux_amd64/compile -o $WORK/b024/_pkg_.a -trimpath "$WORK/b024=>" -p runtime/internal/sys -lang=go1.23 -std -complete -buildid VRZW3V26fSb27LhcS6SR/VRZW3V26fSb27LhcS6SR -goversion go1.23.0 -c=4 -nolocalimports -importcfg $WORK/b024/importcfg -pack /usr/local/go/src/runtime/internal/sys/consts.go /usr/local/go/src/runtime/internal/sys/consts_norace.go /usr/local/go/src/runtime/internal/sys/intrinsics.go /usr/local/go/src/runtime/internal/sys/nih.go /usr/local/go/src/runtime/internal/sys/sys.go /usr/local/go/src/runtime/internal/sys/zversion.go
/usr/local/go/pkg/tool/linux_amd64/buildid -w $WORK/b008/_pkg_.a # internal
cp $WORK/b008/_pkg_.a /root/.cache/go-build/36/36de40f2f3abb08b267e52cc1b560effda23110b8f496cd10a5133449dc663e5-d # internal
/usr/local/go/pkg/tool/linux_amd64/buildid -w $WORK/b034/_pkg_.a # internal
cat >/tmp/go-build3886251060/b012/importcfg << 'EOF' # internal
# import config
packagefile internal/byteorder=/tmp/go-build3886251060/b013/_pkg_.a
packagefile internal/goarch=/tmp/go-build3886251060/b006/_pkg_.a
EOF
echo '# import config' > $WORK/b011/importcfg # internal
/usr/local/go/pkg/tool/linux_amd64/compile -o $WORK/b012/_pkg_.a -trimpath "$WORK/b012=>" -p internal/chacha8rand -lang=go1.23 -std -buildid GeFVsXJGQqsf6wuPUG4k/GeFVsXJGQqsf6wuPUG4k -goversion go1.23.0 -symabis $WORK/b012/symabis -c=4 -nolocalimports -importcfg $WORK/b012/importcfg -pack -asmhdr $WORK/b012/go_asm.h /usr/local/go/src/internal/chacha8rand/chacha8.go /usr/local/go/src/internal/chacha8rand/chacha8_generic.go
cp $WORK/b034/_pkg_.a /root/.cache/go-build/a6/a6797371a38d03453cefe287b1c69da567a2afa6447f1ec976e7948ca11623d7-d # internal
/usr/local/go/pkg/tool/linux_amd64/compile -o $WORK/b011/_pkg_.a -trimpath "$WORK/b011=>" -p internal/cpu -lang=go1.23 -std -buildid DoDktaQsZnuKCYBlpGdS/DoDktaQsZnuKCYBlpGdS -goversion go1.23.0 -symabis $WORK/b011/symabis -c=4 -nolocalimports -importcfg $WORK/b011/importcfg -pack -asmhdr $WORK/b011/go_asm.h /usr/local/go/src/internal/cpu/cpu.go /usr/local/go/src/internal/cpu/cpu_x86.go
/usr/local/go/pkg/tool/linux_amd64/buildid -w $WORK/b018/_pkg_.a # internal
/usr/local/go/pkg/tool/linux_amd64/buildid -w $WORK/b015/_pkg_.a # internal
cp $WORK/b018/_pkg_.a /root/.cache/go-build/0b/0bbaf081958ee15d8e70a309ee20d94fe37ac72e68af118f351c8134159d0c0d-d # internal
cp $WORK/b015/_pkg_.a /root/.cache/go-build/6e/6eca9399e5763b01a042255cbb05472a238efe12edf7c3397754aee285968ac5-d # internal
/usr/local/go/pkg/tool/linux_amd64/buildid -w $WORK/b023/_pkg_.a # internal
cp $WORK/b023/_pkg_.a /root/.cache/go-build/c1/c1eb96f59cf82ec446256010c78a0add5c6cd53cbaa83e5dae76459925b19de5-d # internal
cd /usr/local/go/src/internal/runtime/syscall
/usr/local/go/pkg/tool/linux_amd64/asm -p internal/runtime/syscall -trimpath "$WORK/b021=>" -I $WORK/b021/ -I /usr/local/go/pkg/include -D GOOS_linux -D GOARCH_amd64 -D GOAMD64_v1 -o $WORK/b021/asm_linux_amd64.o ./asm_linux_amd64.s
/usr/local/go/pkg/tool/linux_amd64/buildid -w $WORK/b024/_pkg_.a # internal
cp $WORK/b024/_pkg_.a /root/.cache/go-build/da/daf6fbaab68ffa873710694c9d63fbbcc5d8c0af10190a3a8c3ade956f531a72-d # internal
/usr/local/go/pkg/tool/linux_amd64/pack r $WORK/b021/_pkg_.a $WORK/b021/asm_linux_amd64.o # internal
/usr/local/go/pkg/tool/linux_amd64/buildid -w $WORK/b021/_pkg_.a # internal
cp $WORK/b021/_pkg_.a /root/.cache/go-build/f2/f2285a1e4f939a367c939607d8b27c1c318b2d7571850965b7b1867a4cf9be12-d # internal
cd /usr/local/go/src/internal/chacha8rand
/usr/local/go/pkg/tool/linux_amd64/asm -p internal/chacha8rand -trimpath "$WORK/b012=>" -I $WORK/b012/ -I /usr/local/go/pkg/include -D GOOS_linux -D GOARCH_amd64 -D GOAMD64_v1 -o $WORK/b012/chacha8_amd64.o ./chacha8_amd64.s
cd /usr/local/go/src/internal/cpu
/usr/local/go/pkg/tool/linux_amd64/asm -p internal/cpu -trimpath "$WORK/b011=>" -I $WORK/b011/ -I /usr/local/go/pkg/include -D GOOS_linux -D GOARCH_amd64 -D GOAMD64_v1 -o $WORK/b011/cpu.o ./cpu.s
cd /usr/local/go/src/sync/atomic
/usr/local/go/pkg/tool/linux_amd64/asm -p sync/atomic -trimpath "$WORK/b036=>" -I $WORK/b036/ -I /usr/local/go/pkg/include -D GOOS_linux -D GOARCH_amd64 -D GOAMD64_v1 -o $WORK/b036/asm.o ./asm.s
cd /usr/local/go/src/internal/chacha8rand
/usr/local/go/pkg/tool/linux_amd64/pack r $WORK/b012/_pkg_.a $WORK/b012/chacha8_amd64.o # internal
/usr/local/go/pkg/tool/linux_amd64/buildid -w $WORK/b012/_pkg_.a # internal
cp $WORK/b012/_pkg_.a /root/.cache/go-build/4f/4f07d151e3d9a3f18b05e7677f043624ed0a6cd642525bfdbbf025401b1b5ba9-d # internal
cd /usr/local/go/src/internal/cpu
/usr/local/go/pkg/tool/linux_amd64/asm -p internal/cpu -trimpath "$WORK/b011=>" -I $WORK/b011/ -I /usr/local/go/pkg/include -D GOOS_linux -D GOARCH_amd64 -D GOAMD64_v1 -o $WORK/b011/cpu_x86.o ./cpu_x86.s
cd /usr/local/go/src/internal/runtime/atomic
/usr/local/go/pkg/tool/linux_amd64/asm -p internal/runtime/atomic -trimpath "$WORK/b019=>" -I $WORK/b019/ -I /usr/local/go/pkg/include -D GOOS_linux -D GOARCH_amd64 -D GOAMD64_v1 -o $WORK/b019/atomic_amd64.o ./atomic_amd64.s
cd /usr/local/go/src/sync/atomic
/usr/local/go/pkg/tool/linux_amd64/pack r $WORK/b036/_pkg_.a $WORK/b036/asm.o # internal
/usr/local/go/pkg/tool/linux_amd64/buildid -w $WORK/b036/_pkg_.a # internal
cd /usr/local/go/src/internal/cpu
/usr/local/go/pkg/tool/linux_amd64/pack r $WORK/b011/_pkg_.a $WORK/b011/cpu.o $WORK/b011/cpu_x86.o # internal
/usr/local/go/pkg/tool/linux_amd64/buildid -w $WORK/b011/_pkg_.a # internal
cp $WORK/b036/_pkg_.a /root/.cache/go-build/c2/c24b3602374f85f0187699601c43050ad6f40872a3e6b7e8d6b90bf53f5fb5eb-d # internal
cd /usr/local/go/src/internal/runtime/atomic
/usr/local/go/pkg/tool/linux_amd64/pack r $WORK/b019/_pkg_.a $WORK/b019/atomic_amd64.o # internal
/usr/local/go/pkg/tool/linux_amd64/buildid -w $WORK/b019/_pkg_.a # internal
cp $WORK/b011/_pkg_.a /root/.cache/go-build/f9/f91cb6b9d4453c974bace87422fc035c47990db8a5a27ddf72a98b5cbb804acd-d # internal
mkdir -p $WORK/b010/
cp $WORK/b019/_pkg_.a /root/.cache/go-build/1f/1fe0882fea9af965374c14376b2ce3ab1dd53f182357b651f890f66ccf276be6-d # internal
mkdir -p $WORK/b020/
echo -n > $WORK/b010/go_asm.h # internal
cd /usr/local/go/src/internal/bytealg
/usr/local/go/pkg/tool/linux_amd64/asm -p internal/bytealg -trimpath "$WORK/b010=>" -I $WORK/b010/ -I /usr/local/go/pkg/include -D GOOS_linux -D GOARCH_amd64 -D GOAMD64_v1 -gensymabis -o $WORK/b010/symabis ./compare_amd64.s ./count_amd64.s ./equal_amd64.s ./index_amd64.s ./indexbyte_amd64.s
cat >/tmp/go-build3886251060/b020/importcfg << 'EOF' # internal
# import config
packagefile internal/runtime/atomic=/tmp/go-build3886251060/b019/_pkg_.a
EOF
cd /root/rem/god-rem/ProgrammingLanguages/Go/Proc
/usr/local/go/pkg/tool/linux_amd64/compile -o $WORK/b020/_pkg_.a -trimpath "$WORK/b020=>" -p internal/runtime/exithook -lang=go1.23 -std -complete -buildid waL3DzQlD4YhfQiItTr7/waL3DzQlD4YhfQiItTr7 -goversion go1.23.0 -c=4 -nolocalimports -importcfg $WORK/b020/importcfg -pack /usr/local/go/src/internal/runtime/exithook/hooks.go
mkdir -p $WORK/b031/
echo -n > $WORK/b031/go_asm.h # internal
cd /usr/local/go/src/math
/usr/local/go/pkg/tool/linux_amd64/asm -p math -trimpath "$WORK/b031=>" -I $WORK/b031/ -I /usr/local/go/pkg/include -D GOOS_linux -D GOARCH_amd64 -D GOAMD64_v1 -gensymabis -o $WORK/b031/symabis ./dim_amd64.s ./exp_amd64.s ./floor_amd64.s ./hypot_amd64.s ./log_amd64.s
cat >/tmp/go-build3886251060/b031/importcfg << 'EOF' # internal
# import config
packagefile internal/cpu=/tmp/go-build3886251060/b011/_pkg_.a
packagefile math/bits=/tmp/go-build3886251060/b032/_pkg_.a
EOF
cd /root/rem/god-rem/ProgrammingLanguages/Go/Proc
/usr/local/go/pkg/tool/linux_amd64/compile -o $WORK/b031/_pkg_.a -trimpath "$WORK/b031=>" -p math -lang=go1.23 -std -buildid YdHCV3Ncjy--xW3e_wGn/YdHCV3Ncjy--xW3e_wGn -goversion go1.23.0 -symabis $WORK/b031/symabis -c=4 -nolocalimports -importcfg $WORK/b031/importcfg -pack -asmhdr $WORK/b031/go_asm.h /usr/local/go/src/math/abs.go /usr/local/go/src/math/acosh.go /usr/local/go/src/math/asin.go /usr/local/go/src/math/asinh.go /usr/local/go/src/math/atan.go /usr/local/go/src/math/atan2.go /usr/local/go/src/math/atanh.go /usr/local/go/src/math/bits.go /usr/local/go/src/math/cbrt.go /usr/local/go/src/math/const.go /usr/local/go/src/math/copysign.go /usr/local/go/src/math/dim.go /usr/local/go/src/math/dim_asm.go /usr/local/go/src/math/erf.go /usr/local/go/src/math/erfinv.go /usr/local/go/src/math/exp.go /usr/local/go/src/math/exp2_noasm.go /usr/local/go/src/math/exp_amd64.go /usr/local/go/src/math/exp_asm.go /usr/local/go/src/math/expm1.go /usr/local/go/src/math/floor.go /usr/local/go/src/math/floor_asm.go /usr/local/go/src/math/fma.go /usr/local/go/src/math/frexp.go /usr/local/go/src/math/gamma.go /usr/local/go/src/math/hypot.go /usr/local/go/src/math/hypot_asm.go /usr/local/go/src/math/j0.go /usr/local/go/src/math/j1.go /usr/local/go/src/math/jn.go /usr/local/go/src/math/ldexp.go /usr/local/go/src/math/lgamma.go /usr/local/go/src/math/log.go /usr/local/go/src/math/log10.go /usr/local/go/src/math/log1p.go /usr/local/go/src/math/log_asm.go /usr/local/go/src/math/logb.go /usr/local/go/src/math/mod.go /usr/local/go/src/math/modf.go /usr/local/go/src/math/modf_noasm.go /usr/local/go/src/math/nextafter.go /usr/local/go/src/math/pow.go /usr/local/go/src/math/pow10.go /usr/local/go/src/math/remainder.go /usr/local/go/src/math/signbit.go /usr/local/go/src/math/sin.go /usr/local/go/src/math/sincos.go /usr/local/go/src/math/sinh.go /usr/local/go/src/math/sqrt.go /usr/local/go/src/math/stubs.go /usr/local/go/src/math/tan.go /usr/local/go/src/math/tanh.go /usr/local/go/src/math/trig_reduce.go /usr/local/go/src/math/unsafe.go
cat >/tmp/go-build3886251060/b010/importcfg << 'EOF' # internal
# import config
packagefile internal/cpu=/tmp/go-build3886251060/b011/_pkg_.a
EOF
/usr/local/go/pkg/tool/linux_amd64/compile -o $WORK/b010/_pkg_.a -trimpath "$WORK/b010=>" -p internal/bytealg -lang=go1.23 -std -buildid Z3-F4I5PVfsmfaYdiReg/Z3-F4I5PVfsmfaYdiReg -goversion go1.23.0 -symabis $WORK/b010/symabis -c=4 -nolocalimports -importcfg $WORK/b010/importcfg -pack -asmhdr $WORK/b010/go_asm.h /usr/local/go/src/internal/bytealg/bytealg.go /usr/local/go/src/internal/bytealg/compare_native.go /usr/local/go/src/internal/bytealg/count_native.go /usr/local/go/src/internal/bytealg/equal_generic.go /usr/local/go/src/internal/bytealg/equal_native.go /usr/local/go/src/internal/bytealg/index_amd64.go /usr/local/go/src/internal/bytealg/index_native.go /usr/local/go/src/internal/bytealg/indexbyte_native.go /usr/local/go/src/internal/bytealg/lastindexbyte_generic.go
/usr/local/go/pkg/tool/linux_amd64/buildid -w $WORK/b020/_pkg_.a # internal
cp $WORK/b020/_pkg_.a /root/.cache/go-build/56/56ea9e4ab8d120f45d3d30427a2d5f0ba1f7c0189cc5f6262fb9729d550cd836-d # internal
cd /usr/local/go/src/internal/bytealg
/usr/local/go/pkg/tool/linux_amd64/asm -p internal/bytealg -trimpath "$WORK/b010=>" -I $WORK/b010/ -I /usr/local/go/pkg/include -D GOOS_linux -D GOARCH_amd64 -D GOAMD64_v1 -o $WORK/b010/compare_amd64.o ./compare_amd64.s
/usr/local/go/pkg/tool/linux_amd64/asm -p internal/bytealg -trimpath "$WORK/b010=>" -I $WORK/b010/ -I /usr/local/go/pkg/include -D GOOS_linux -D GOARCH_amd64 -D GOAMD64_v1 -o $WORK/b010/count_amd64.o ./count_amd64.s
/usr/local/go/pkg/tool/linux_amd64/asm -p internal/bytealg -trimpath "$WORK/b010=>" -I $WORK/b010/ -I /usr/local/go/pkg/include -D GOOS_linux -D GOARCH_amd64 -D GOAMD64_v1 -o $WORK/b010/equal_amd64.o ./equal_amd64.s
/usr/local/go/pkg/tool/linux_amd64/asm -p internal/bytealg -trimpath "$WORK/b010=>" -I $WORK/b010/ -I /usr/local/go/pkg/include -D GOOS_linux -D GOARCH_amd64 -D GOAMD64_v1 -o $WORK/b010/index_amd64.o ./index_amd64.s
/usr/local/go/pkg/tool/linux_amd64/asm -p internal/bytealg -trimpath "$WORK/b010=>" -I $WORK/b010/ -I /usr/local/go/pkg/include -D GOOS_linux -D GOARCH_amd64 -D GOAMD64_v1 -o $WORK/b010/indexbyte_amd64.o ./indexbyte_amd64.s
/usr/local/go/pkg/tool/linux_amd64/pack r $WORK/b010/_pkg_.a $WORK/b010/compare_amd64.o $WORK/b010/count_amd64.o $WORK/b010/equal_amd64.o $WORK/b010/index_amd64.o $WORK/b010/indexbyte_amd64.o # internal
/usr/local/go/pkg/tool/linux_amd64/buildid -w $WORK/b010/_pkg_.a # internal
cp $WORK/b010/_pkg_.a /root/.cache/go-build/d0/d0e8c9d10c176d621c6311116904502c8345b4feb53fb4e644ab9a462398864e-d # internal
mkdir -p $WORK/b022/
cat >/tmp/go-build3886251060/b022/importcfg << 'EOF' # internal
# import config
packagefile internal/bytealg=/tmp/go-build3886251060/b010/_pkg_.a
EOF
cd /root/rem/god-rem/ProgrammingLanguages/Go/Proc
/usr/local/go/pkg/tool/linux_amd64/compile -o $WORK/b022/_pkg_.a -trimpath "$WORK/b022=>" -p internal/stringslite -lang=go1.23 -std -complete -buildid POKYtc8lmjx11sPOfsS3/POKYtc8lmjx11sPOfsS3 -goversion go1.23.0 -c=4 -nolocalimports -importcfg $WORK/b022/importcfg -pack /usr/local/go/src/internal/stringslite/strings.go
/usr/local/go/pkg/tool/linux_amd64/buildid -w $WORK/b022/_pkg_.a # internal
cp $WORK/b022/_pkg_.a /root/.cache/go-build/42/427f2d085ba587504f76de980424a2c0ff58f3704e78a6f265ef8bf8ee394c0e-d # internal
/usr/local/go/pkg/tool/linux_amd64/buildid -w $WORK/b037/_pkg_.a # internal
cp $WORK/b037/_pkg_.a /root/.cache/go-build/c4/c451c520853804b42a137e9b40bc3fd5e818e4bf2df6a4a055967920f8ad320c-d # internal
cd /usr/local/go/src/internal/abi
/usr/local/go/pkg/tool/linux_amd64/asm -p internal/abi -trimpath "$WORK/b005=>" -I $WORK/b005/ -I /usr/local/go/pkg/include -D GOOS_linux -D GOARCH_amd64 -D GOAMD64_v1 -o $WORK/b005/abi_test.o ./abi_test.s
/usr/local/go/pkg/tool/linux_amd64/asm -p internal/abi -trimpath "$WORK/b005=>" -I $WORK/b005/ -I /usr/local/go/pkg/include -D GOOS_linux -D GOARCH_amd64 -D GOAMD64_v1 -o $WORK/b005/stub.o ./stub.s
/usr/local/go/pkg/tool/linux_amd64/pack r $WORK/b005/_pkg_.a $WORK/b005/abi_test.o $WORK/b005/stub.o # internal
/usr/local/go/pkg/tool/linux_amd64/buildid -w $WORK/b005/_pkg_.a # internal
cp $WORK/b005/_pkg_.a /root/.cache/go-build/de/dec204e557935f5ccd83d2d12ba631d3b360cf8d0f4b2eaf0d05ee53caf25264-d # internal
mkdir -p $WORK/b009/
echo -n > $WORK/b009/go_asm.h # internal
cd /usr/local/go/src/runtime
/usr/local/go/pkg/tool/linux_amd64/asm -p runtime -trimpath "$WORK/b009=>" -I $WORK/b009/ -I /usr/local/go/pkg/include -D GOOS_linux -D GOARCH_amd64 -D GOAMD64_v1 -gensymabis -o $WORK/b009/symabis ./asm.s ./asm_amd64.s ./duff_amd64.s ./memclr_amd64.s ./memmove_amd64.s ./preempt_amd64.s ./rt0_linux_amd64.s ./sys_linux_amd64.s ./test_amd64.s ./time_linux_amd64.s
cat >/tmp/go-build3886251060/b009/importcfg << 'EOF' # internal
# import config
packagefile internal/abi=/tmp/go-build3886251060/b005/_pkg_.a
packagefile internal/bytealg=/tmp/go-build3886251060/b010/_pkg_.a
packagefile internal/chacha8rand=/tmp/go-build3886251060/b012/_pkg_.a
packagefile internal/coverage/rtcov=/tmp/go-build3886251060/b014/_pkg_.a
packagefile internal/cpu=/tmp/go-build3886251060/b011/_pkg_.a
packagefile internal/goarch=/tmp/go-build3886251060/b006/_pkg_.a
packagefile internal/godebugs=/tmp/go-build3886251060/b015/_pkg_.a
packagefile internal/goexperiment=/tmp/go-build3886251060/b016/_pkg_.a
packagefile internal/goos=/tmp/go-build3886251060/b017/_pkg_.a
packagefile internal/profilerecord=/tmp/go-build3886251060/b018/_pkg_.a
packagefile internal/runtime/atomic=/tmp/go-build3886251060/b019/_pkg_.a
packagefile internal/runtime/exithook=/tmp/go-build3886251060/b020/_pkg_.a
packagefile internal/runtime/syscall=/tmp/go-build3886251060/b021/_pkg_.a
packagefile internal/stringslite=/tmp/go-build3886251060/b022/_pkg_.a
packagefile runtime/internal/math=/tmp/go-build3886251060/b023/_pkg_.a
packagefile runtime/internal/sys=/tmp/go-build3886251060/b024/_pkg_.a
EOF
cd /root/rem/god-rem/ProgrammingLanguages/Go/Proc
/usr/local/go/pkg/tool/linux_amd64/compile -o $WORK/b009/_pkg_.a -trimpath "$WORK/b009=>" -p runtime -lang=go1.23 -std -buildid gntn2TyUaYaNGIsQuY12/gntn2TyUaYaNGIsQuY12 -goversion go1.23.0 -symabis $WORK/b009/symabis -c=4 -nolocalimports -importcfg $WORK/b009/importcfg -pack -asmhdr $WORK/b009/go_asm.h /usr/local/go/src/runtime/alg.go /usr/local/go/src/runtime/arena.go /usr/local/go/src/runtime/asan0.go /usr/local/go/src/runtime/atomic_pointer.go /usr/local/go/src/runtime/badlinkname.go /usr/local/go/src/runtime/badlinkname_linux.go /usr/local/go/src/runtime/cgo.go /usr/local/go/src/runtime/cgo_mmap.go /usr/local/go/src/runtime/cgo_sigaction.go /usr/local/go/src/runtime/cgocall.go /usr/local/go/src/runtime/cgocallback.go /usr/local/go/src/runtime/cgocheck.go /usr/local/go/src/runtime/chan.go /usr/local/go/src/runtime/checkptr.go /usr/local/go/src/runtime/compiler.go /usr/local/go/src/runtime/complex.go /usr/local/go/src/runtime/coro.go /usr/local/go/src/runtime/covercounter.go /usr/local/go/src/runtime/covermeta.go /usr/local/go/src/runtime/cpuflags.go /usr/local/go/src/runtime/cpuflags_amd64.go /usr/local/go/src/runtime/cpuprof.go /usr/local/go/src/runtime/cputicks.go /usr/local/go/src/runtime/create_file_unix.go /usr/local/go/src/runtime/debug.go /usr/local/go/src/runtime/debugcall.go /usr/local/go/src/runtime/debuglog.go /usr/local/go/src/runtime/debuglog_off.go /usr/local/go/src/runtime/defs_linux_amd64.go /usr/local/go/src/runtime/env_posix.go /usr/local/go/src/runtime/error.go /usr/local/go/src/runtime/extern.go /usr/local/go/src/runtime/fastlog2.go /usr/local/go/src/runtime/fastlog2table.go /usr/local/go/src/runtime/fds_unix.go /usr/local/go/src/runtime/float.go /usr/local/go/src/runtime/hash64.go /usr/local/go/src/runtime/heapdump.go /usr/local/go/src/runtime/histogram.go /usr/local/go/src/runtime/iface.go /usr/local/go/src/runtime/lfstack.go /usr/local/go/src/runtime/linkname.go /usr/local/go/src/runtime/linkname_unix.go /usr/local/go/src/runtime/lock_futex.go /usr/local/go/src/runtime/lockrank.go /usr/local/go/src/runtime/lockrank_off.go /usr/local/go/src/runtime/malloc.go /usr/local/go/src/runtime/map.go /usr/local/go/src/runtime/map_fast32.go /usr/local/go/src/runtime/map_fast64.go /usr/local/go/src/runtime/map_faststr.go /usr/local/go/src/runtime/mbarrier.go /usr/local/go/src/runtime/mbitmap.go /usr/local/go/src/runtime/mcache.go /usr/local/go/src/runtime/mcentral.go /usr/local/go/src/runtime/mcheckmark.go /usr/local/go/src/runtime/mem.go /usr/local/go/src/runtime/mem_linux.go /usr/local/go/src/runtime/metrics.go /usr/local/go/src/runtime/mfinal.go /usr/local/go/src/runtime/mfixalloc.go /usr/local/go/src/runtime/mgc.go /usr/local/go/src/runtime/mgclimit.go /usr/local/go/src/runtime/mgcmark.go /usr/local/go/src/runtime/mgcpacer.go /usr/local/go/src/runtime/mgcscavenge.go /usr/local/go/src/runtime/mgcstack.go /usr/local/go/src/runtime/mgcsweep.go /usr/local/go/src/runtime/mgcwork.go /usr/local/go/src/runtime/mheap.go /usr/local/go/src/runtime/minmax.go /usr/local/go/src/runtime/mpagealloc.go /usr/local/go/src/runtime/mpagealloc_64bit.go /usr/local/go/src/runtime/mpagecache.go /usr/local/go/src/runtime/mpallocbits.go /usr/local/go/src/runtime/mprof.go /usr/local/go/src/runtime/mranges.go /usr/local/go/src/runtime/msan0.go /usr/local/go/src/runtime/msize.go /usr/local/go/src/runtime/mspanset.go /usr/local/go/src/runtime/mstats.go /usr/local/go/src/runtime/mwbbuf.go /usr/local/go/src/runtime/nbpipe_pipe2.go /usr/local/go/src/runtime/netpoll.go /usr/local/go/src/runtime/netpoll_epoll.go /usr/local/go/src/runtime/nonwindows_stub.go /usr/local/go/src/runtime/os_linux.go /usr/local/go/src/runtime/os_linux_generic.go /usr/local/go/src/runtime/os_linux_noauxv.go /usr/local/go/src/runtime/os_linux_x86.go /usr/local/go/src/runtime/os_nonopenbsd.go /usr/local/go/src/runtime/os_unix.go /usr/local/go/src/runtime/panic.go /usr/local/go/src/runtime/pinner.go /usr/local/go/src/runtime/plugin.go /usr/local/go/src/runtime/preempt.go /usr/local/go/src/runtime/preempt_nonwindows.go /usr/local/go/src/runtime/print.go /usr/local/go/src/runtime/proc.go /usr/local/go/src/runtime/profbuf.go /usr/local/go/src/runtime/proflabel.go /usr/local/go/src/runtime/race0.go /usr/local/go/src/runtime/rand.go /usr/local/go/src/runtime/rdebug.go /usr/local/go/src/runtime/retry.go /usr/local/go/src/runtime/runtime.go /usr/local/go/src/runtime/runtime1.go /usr/local/go/src/runtime/runtime2.go /usr/local/go/src/runtime/runtime_boring.go /usr/local/go/src/runtime/rwmutex.go /usr/local/go/src/runtime/security_linux.go /usr/local/go/src/runtime/security_unix.go /usr/local/go/src/runtime/select.go /usr/local/go/src/runtime/sema.go /usr/local/go/src/runtime/signal_amd64.go /usr/local/go/src/runtime/signal_linux_amd64.go /usr/local/go/src/runtime/signal_unix.go /usr/local/go/src/runtime/sigqueue.go /usr/local/go/src/runtime/sigqueue_note.go /usr/local/go/src/runtime/sigtab_linux_generic.go /usr/local/go/src/runtime/sizeclasses.go /usr/local/go/src/runtime/slice.go /usr/local/go/src/runtime/softfloat64.go /usr/local/go/src/runtime/stack.go /usr/local/go/src/runtime/stkframe.go /usr/local/go/src/runtime/string.go /usr/local/go/src/runtime/stubs.go /usr/local/go/src/runtime/stubs2.go /usr/local/go/src/runtime/stubs3.go /usr/local/go/src/runtime/stubs_amd64.go /usr/local/go/src/runtime/stubs_linux.go /usr/local/go/src/runtime/symtab.go /usr/local/go/src/runtime/symtabinl.go /usr/local/go/src/runtime/sys_nonppc64x.go /usr/local/go/src/runtime/sys_x86.go /usr/local/go/src/runtime/tagptr.go /usr/local/go/src/runtime/tagptr_64bit.go /usr/local/go/src/runtime/test_amd64.go /usr/local/go/src/runtime/time.go /usr/local/go/src/runtime/time_nofake.go /usr/local/go/src/runtime/timeasm.go /usr/local/go/src/runtime/tls_stub.go /usr/local/go/src/runtime/trace.go /usr/local/go/src/runtime/traceallocfree.go /usr/local/go/src/runtime/traceback.go /usr/local/go/src/runtime/tracebuf.go /usr/local/go/src/runtime/tracecpu.go /usr/local/go/src/runtime/traceevent.go /usr/local/go/src/runtime/traceexp.go /usr/local/go/src/runtime/tracemap.go /usr/local/go/src/runtime/traceregion.go /usr/local/go/src/runtime/traceruntime.go /usr/local/go/src/runtime/tracestack.go /usr/local/go/src/runtime/tracestatus.go /usr/local/go/src/runtime/tracestring.go /usr/local/go/src/runtime/tracetime.go /usr/local/go/src/runtime/tracetype.go /usr/local/go/src/runtime/type.go /usr/local/go/src/runtime/typekind.go /usr/local/go/src/runtime/unsafe.go /usr/local/go/src/runtime/utf8.go /usr/local/go/src/runtime/vdso_elf64.go /usr/local/go/src/runtime/vdso_linux.go /usr/local/go/src/runtime/vdso_linux_amd64.go /usr/local/go/src/runtime/write_err.go
cd /usr/local/go/src/math
/usr/local/go/pkg/tool/linux_amd64/asm -p math -trimpath "$WORK/b031=>" -I $WORK/b031/ -I /usr/local/go/pkg/include -D GOOS_linux -D GOARCH_amd64 -D GOAMD64_v1 -o $WORK/b031/dim_amd64.o ./dim_amd64.s
/usr/local/go/pkg/tool/linux_amd64/asm -p math -trimpath "$WORK/b031=>" -I $WORK/b031/ -I /usr/local/go/pkg/include -D GOOS_linux -D GOARCH_amd64 -D GOAMD64_v1 -o $WORK/b031/exp_amd64.o ./exp_amd64.s
/usr/local/go/pkg/tool/linux_amd64/asm -p math -trimpath "$WORK/b031=>" -I $WORK/b031/ -I /usr/local/go/pkg/include -D GOOS_linux -D GOARCH_amd64 -D GOAMD64_v1 -o $WORK/b031/floor_amd64.o ./floor_amd64.s
/usr/local/go/pkg/tool/linux_amd64/asm -p math -trimpath "$WORK/b031=>" -I $WORK/b031/ -I /usr/local/go/pkg/include -D GOOS_linux -D GOARCH_amd64 -D GOAMD64_v1 -o $WORK/b031/hypot_amd64.o ./hypot_amd64.s
/usr/local/go/pkg/tool/linux_amd64/asm -p math -trimpath "$WORK/b031=>" -I $WORK/b031/ -I /usr/local/go/pkg/include -D GOOS_linux -D GOARCH_amd64 -D GOAMD64_v1 -o $WORK/b031/log_amd64.o ./log_amd64.s
/usr/local/go/pkg/tool/linux_amd64/pack r $WORK/b031/_pkg_.a $WORK/b031/dim_amd64.o $WORK/b031/exp_amd64.o $WORK/b031/floor_amd64.o $WORK/b031/hypot_amd64.o $WORK/b031/log_amd64.o # internal
/usr/local/go/pkg/tool/linux_amd64/buildid -w $WORK/b031/_pkg_.a # internal
cp $WORK/b031/_pkg_.a /root/.cache/go-build/a5/a55e192139b677124712b6f84e03a9a7712c872bfa775d8c881f65e7b71289f2-d # internal
cp /usr/local/go/src/runtime/asm_amd64.h $WORK/b009/asm_GOARCH.h
cd /usr/local/go/src/runtime
/usr/local/go/pkg/tool/linux_amd64/asm -p runtime -trimpath "$WORK/b009=>" -I $WORK/b009/ -I /usr/local/go/pkg/include -D GOOS_linux -D GOARCH_amd64 -D GOAMD64_v1 -o $WORK/b009/asm.o ./asm.s
/usr/local/go/pkg/tool/linux_amd64/asm -p runtime -trimpath "$WORK/b009=>" -I $WORK/b009/ -I /usr/local/go/pkg/include -D GOOS_linux -D GOARCH_amd64 -D GOAMD64_v1 -o $WORK/b009/asm_amd64.o ./asm_amd64.s
/usr/local/go/pkg/tool/linux_amd64/asm -p runtime -trimpath "$WORK/b009=>" -I $WORK/b009/ -I /usr/local/go/pkg/include -D GOOS_linux -D GOARCH_amd64 -D GOAMD64_v1 -o $WORK/b009/duff_amd64.o ./duff_amd64.s
/usr/local/go/pkg/tool/linux_amd64/asm -p runtime -trimpath "$WORK/b009=>" -I $WORK/b009/ -I /usr/local/go/pkg/include -D GOOS_linux -D GOARCH_amd64 -D GOAMD64_v1 -o $WORK/b009/memclr_amd64.o ./memclr_amd64.s
/usr/local/go/pkg/tool/linux_amd64/asm -p runtime -trimpath "$WORK/b009=>" -I $WORK/b009/ -I /usr/local/go/pkg/include -D GOOS_linux -D GOARCH_amd64 -D GOAMD64_v1 -o $WORK/b009/memmove_amd64.o ./memmove_amd64.s
/usr/local/go/pkg/tool/linux_amd64/asm -p runtime -trimpath "$WORK/b009=>" -I $WORK/b009/ -I /usr/local/go/pkg/include -D GOOS_linux -D GOARCH_amd64 -D GOAMD64_v1 -o $WORK/b009/preempt_amd64.o ./preempt_amd64.s
/usr/local/go/pkg/tool/linux_amd64/asm -p runtime -trimpath "$WORK/b009=>" -I $WORK/b009/ -I /usr/local/go/pkg/include -D GOOS_linux -D GOARCH_amd64 -D GOAMD64_v1 -o $WORK/b009/rt0_linux_amd64.o ./rt0_linux_amd64.s
/usr/local/go/pkg/tool/linux_amd64/asm -p runtime -trimpath "$WORK/b009=>" -I $WORK/b009/ -I /usr/local/go/pkg/include -D GOOS_linux -D GOARCH_amd64 -D GOAMD64_v1 -o $WORK/b009/sys_linux_amd64.o ./sys_linux_amd64.s
/usr/local/go/pkg/tool/linux_amd64/asm -p runtime -trimpath "$WORK/b009=>" -I $WORK/b009/ -I /usr/local/go/pkg/include -D GOOS_linux -D GOARCH_amd64 -D GOAMD64_v1 -o $WORK/b009/test_amd64.o ./test_amd64.s
/usr/local/go/pkg/tool/linux_amd64/asm -p runtime -trimpath "$WORK/b009=>" -I $WORK/b009/ -I /usr/local/go/pkg/include -D GOOS_linux -D GOARCH_amd64 -D GOAMD64_v1 -o $WORK/b009/time_linux_amd64.o ./time_linux_amd64.s
/usr/local/go/pkg/tool/linux_amd64/pack r $WORK/b009/_pkg_.a $WORK/b009/asm.o $WORK/b009/asm_amd64.o $WORK/b009/duff_amd64.o $WORK/b009/memclr_amd64.o $WORK/b009/memmove_amd64.o $WORK/b009/preempt_amd64.o $WORK/b009/rt0_linux_amd64.o $WORK/b009/sys_linux_amd64.o $WORK/b009/test_amd64.o $WORK/b009/time_linux_amd64.o # internal
/usr/local/go/pkg/tool/linux_amd64/buildid -w $WORK/b009/_pkg_.a # internal
cp $WORK/b009/_pkg_.a /root/.cache/go-build/6a/6a25a004e349296eed6bc5e6b185150e480f93a120a5b74c4547f9e94d3f6061-d # internal
mkdir -p $WORK/b029/
mkdir -p $WORK/b004/
mkdir -p $WORK/b035/
cat >/tmp/go-build3886251060/b029/importcfg << 'EOF' # internal
# import config
packagefile internal/race=/tmp/go-build3886251060/b030/_pkg_.a
packagefile runtime=/tmp/go-build3886251060/b009/_pkg_.a
EOF
cd /root/rem/god-rem/ProgrammingLanguages/Go/Proc
/usr/local/go/pkg/tool/linux_amd64/compile -o $WORK/b029/_pkg_.a -trimpath "$WORK/b029=>" -p iter -lang=go1.23 -std -complete -buildid DyJmGvTxs2tUdjdq3oOE/DyJmGvTxs2tUdjdq3oOE -goversion go1.23.0 -c=4 -nolocalimports -importcfg $WORK/b029/importcfg -pack /usr/local/go/src/iter/iter.go
echo -n > $WORK/b004/go_asm.h # internal
cd /usr/local/go/src/internal/reflectlite
/usr/local/go/pkg/tool/linux_amd64/asm -p internal/reflectlite -trimpath "$WORK/b004=>" -I $WORK/b004/ -I /usr/local/go/pkg/include -D GOOS_linux -D GOARCH_amd64 -D GOAMD64_v1 -gensymabis -o $WORK/b004/symabis ./asm.s
cat >/tmp/go-build3886251060/b035/importcfg << 'EOF' # internal
# import config
packagefile internal/race=/tmp/go-build3886251060/b030/_pkg_.a
packagefile runtime=/tmp/go-build3886251060/b009/_pkg_.a
packagefile sync/atomic=/tmp/go-build3886251060/b036/_pkg_.a
EOF
cd /root/rem/god-rem/ProgrammingLanguages/Go/Proc
/usr/local/go/pkg/tool/linux_amd64/compile -o $WORK/b035/_pkg_.a -trimpath "$WORK/b035=>" -p sync -lang=go1.23 -std -buildid rf0-eylOyolWCgHjSsSR/rf0-eylOyolWCgHjSsSR -goversion go1.23.0 -c=4 -nolocalimports -importcfg $WORK/b035/importcfg -pack /usr/local/go/src/sync/cond.go /usr/local/go/src/sync/map.go /usr/local/go/src/sync/mutex.go /usr/local/go/src/sync/once.go /usr/local/go/src/sync/oncefunc.go /usr/local/go/src/sync/pool.go /usr/local/go/src/sync/poolqueue.go /usr/local/go/src/sync/runtime.go /usr/local/go/src/sync/runtime2.go /usr/local/go/src/sync/rwmutex.go /usr/local/go/src/sync/waitgroup.go
cat >/tmp/go-build3886251060/b004/importcfg << 'EOF' # internal
# import config
packagefile internal/abi=/tmp/go-build3886251060/b005/_pkg_.a
packagefile internal/goarch=/tmp/go-build3886251060/b006/_pkg_.a
packagefile internal/unsafeheader=/tmp/go-build3886251060/b008/_pkg_.a
packagefile runtime=/tmp/go-build3886251060/b009/_pkg_.a
EOF
/usr/local/go/pkg/tool/linux_amd64/compile -o $WORK/b004/_pkg_.a -trimpath "$WORK/b004=>" -p internal/reflectlite -lang=go1.23 -std -buildid yC-DkdDv4HEoSK2h5wi3/yC-DkdDv4HEoSK2h5wi3 -goversion go1.23.0 -symabis $WORK/b004/symabis -c=4 -nolocalimports -importcfg $WORK/b004/importcfg -pack -asmhdr $WORK/b004/go_asm.h /usr/local/go/src/internal/reflectlite/swapper.go /usr/local/go/src/internal/reflectlite/type.go /usr/local/go/src/internal/reflectlite/value.go
/usr/local/go/pkg/tool/linux_amd64/buildid -w $WORK/b029/_pkg_.a # internal
cp $WORK/b029/_pkg_.a /root/.cache/go-build/7b/7baac91c9da79ea92e244a652cc2db3c4ff839d04b393ae98d2437340c2afce8-d # internal
mkdir -p $WORK/b038/
cat >/tmp/go-build3886251060/b038/importcfg << 'EOF' # internal
# import config
packagefile cmp=/tmp/go-build3886251060/b026/_pkg_.a
packagefile iter=/tmp/go-build3886251060/b029/_pkg_.a
packagefile math/bits=/tmp/go-build3886251060/b032/_pkg_.a
EOF
/usr/local/go/pkg/tool/linux_amd64/compile -o $WORK/b038/_pkg_.a -trimpath "$WORK/b038=>" -p slices -lang=go1.23 -std -complete -buildid mt4peJGjyEEZeNNf4NxM/mt4peJGjyEEZeNNf4NxM -goversion go1.23.0 -c=4 -nolocalimports -importcfg $WORK/b038/importcfg -pack /usr/local/go/src/slices/iter.go /usr/local/go/src/slices/slices.go /usr/local/go/src/slices/sort.go /usr/local/go/src/slices/zsortanyfunc.go /usr/local/go/src/slices/zsortordered.go
/usr/local/go/pkg/tool/linux_amd64/buildid -w $WORK/b038/_pkg_.a # internal
cp $WORK/b038/_pkg_.a /root/.cache/go-build/6e/6e2dd99be686a25fadbd9e14e4702c3dfa6093f605de9ce8db8fde8c5b2e09f6-d # internal
/usr/local/go/pkg/tool/linux_amd64/buildid -w $WORK/b035/_pkg_.a # internal
cp $WORK/b035/_pkg_.a /root/.cache/go-build/83/8305d0a8f0590060281e95de1e39818cf4ea2dd5520ac7f3598693009f6f2350-d # internal
mkdir -p $WORK/b047/
mkdir -p $WORK/b054/
cat >/tmp/go-build3886251060/b047/importcfg << 'EOF' # internal
# import config
packagefile runtime=/tmp/go-build3886251060/b009/_pkg_.a
packagefile sync=/tmp/go-build3886251060/b035/_pkg_.a
packagefile sync/atomic=/tmp/go-build3886251060/b036/_pkg_.a
EOF
/usr/local/go/pkg/tool/linux_amd64/compile -o $WORK/b047/_pkg_.a -trimpath "$WORK/b047=>" -p internal/bisect -lang=go1.23 -std -complete -buildid JTUgu-ibdqKrpDV7YnQb/JTUgu-ibdqKrpDV7YnQb -goversion go1.23.0 -c=4 -nolocalimports -importcfg $WORK/b047/importcfg -pack /usr/local/go/src/internal/bisect/bisect.go
cat >/tmp/go-build3886251060/b054/importcfg << 'EOF' # internal
# import config
packagefile sync=/tmp/go-build3886251060/b035/_pkg_.a
packagefile sync/atomic=/tmp/go-build3886251060/b036/_pkg_.a
EOF
/usr/local/go/pkg/tool/linux_amd64/compile -o $WORK/b054/_pkg_.a -trimpath "$WORK/b054=>" -p internal/testlog -lang=go1.23 -std -complete -buildid SvgCP17wImXrw5xkH6PA/SvgCP17wImXrw5xkH6PA -goversion go1.23.0 -c=4 -nolocalimports -importcfg $WORK/b054/importcfg -pack /usr/local/go/src/internal/testlog/exit.go /usr/local/go/src/internal/testlog/log.go
cd /usr/local/go/src/internal/reflectlite
/usr/local/go/pkg/tool/linux_amd64/asm -p internal/reflectlite -trimpath "$WORK/b004=>" -I $WORK/b004/ -I /usr/local/go/pkg/include -D GOOS_linux -D GOARCH_amd64 -D GOAMD64_v1 -o $WORK/b004/asm.o ./asm.s
/usr/local/go/pkg/tool/linux_amd64/buildid -w $WORK/b054/_pkg_.a # internal
cp $WORK/b054/_pkg_.a /root/.cache/go-build/d5/d5ce5d0f9972a22ca498d7597df0c6f4c2ff56a94266e67d2574575b3275bfb6-d # internal
/usr/local/go/pkg/tool/linux_amd64/pack r $WORK/b004/_pkg_.a $WORK/b004/asm.o # internal
/usr/local/go/pkg/tool/linux_amd64/buildid -w $WORK/b004/_pkg_.a # internal
cp $WORK/b004/_pkg_.a /root/.cache/go-build/1f/1f5d9d3c0e6c361f162fb197b484b1f42dc4ad324968b133b29463af70cdf5df-d # internal
mkdir -p $WORK/b003/
cat >/tmp/go-build3886251060/b003/importcfg << 'EOF' # internal
# import config
packagefile internal/reflectlite=/tmp/go-build3886251060/b004/_pkg_.a
EOF
cd /root/rem/god-rem/ProgrammingLanguages/Go/Proc
/usr/local/go/pkg/tool/linux_amd64/compile -o $WORK/b003/_pkg_.a -trimpath "$WORK/b003=>" -p errors -lang=go1.23 -std -complete -buildid I0_B1qM_w0g9Sy406HL9/I0_B1qM_w0g9Sy406HL9 -goversion go1.23.0 -c=4 -nolocalimports -importcfg $WORK/b003/importcfg -pack /usr/local/go/src/errors/errors.go /usr/local/go/src/errors/join.go /usr/local/go/src/errors/wrap.go
/usr/local/go/pkg/tool/linux_amd64/buildid -w $WORK/b047/_pkg_.a # internal
cp $WORK/b047/_pkg_.a /root/.cache/go-build/d1/d1146456807c9460545b45b2d09dec21b7184ea30bc28041348bdf1da81c4385-d # internal
mkdir -p $WORK/b046/
/usr/local/go/pkg/tool/linux_amd64/buildid -w $WORK/b003/_pkg_.a # internal
cat >/tmp/go-build3886251060/b046/importcfg << 'EOF' # internal
# import config
packagefile internal/bisect=/tmp/go-build3886251060/b047/_pkg_.a
packagefile internal/godebugs=/tmp/go-build3886251060/b015/_pkg_.a
packagefile sync=/tmp/go-build3886251060/b035/_pkg_.a
packagefile sync/atomic=/tmp/go-build3886251060/b036/_pkg_.a
EOF
/usr/local/go/pkg/tool/linux_amd64/compile -o $WORK/b046/_pkg_.a -trimpath "$WORK/b046=>" -p internal/godebug -lang=go1.23 -std -complete -buildid qE0mU0lTn3PM6q8FdQaN/qE0mU0lTn3PM6q8FdQaN -goversion go1.23.0 -c=4 -nolocalimports -importcfg $WORK/b046/importcfg -pack /usr/local/go/src/internal/godebug/godebug.go
cp $WORK/b003/_pkg_.a /root/.cache/go-build/7d/7d591f4cfd679dd193ed6a7257a4dbdbcef35ccc711922ef02b189d245c10884-d # internal
mkdir -p $WORK/b043/
mkdir -p $WORK/b039/
mkdir -p $WORK/b044/
cat >/tmp/go-build3886251060/b039/importcfg << 'EOF' # internal
# import config
packagefile errors=/tmp/go-build3886251060/b003/_pkg_.a
packagefile sync=/tmp/go-build3886251060/b035/_pkg_.a
EOF
/usr/local/go/pkg/tool/linux_amd64/compile -o $WORK/b039/_pkg_.a -trimpath "$WORK/b039=>" -p io -lang=go1.23 -std -complete -buildid NP2uxw5tSahkZnHc5u8f/NP2uxw5tSahkZnHc5u8f -goversion go1.23.0 -c=4 -nolocalimports -importcfg $WORK/b039/importcfg -pack /usr/local/go/src/io/io.go /usr/local/go/src/io/multi.go /usr/local/go/src/io/pipe.go
cat >/tmp/go-build3886251060/b043/importcfg << 'EOF' # internal
# import config
packagefile errors=/tmp/go-build3886251060/b003/_pkg_.a
EOF
/usr/local/go/pkg/tool/linux_amd64/compile -o $WORK/b043/_pkg_.a -trimpath "$WORK/b043=>" -p internal/oserror -lang=go1.23 -std -complete -buildid JvdRy6GOyo45OE0il59I/JvdRy6GOyo45OE0il59I -goversion go1.23.0 -c=4 -nolocalimports -importcfg $WORK/b043/importcfg -pack /usr/local/go/src/internal/oserror/errors.go
mkdir -p $WORK/b033/
cat >/tmp/go-build3886251060/b044/importcfg << 'EOF' # internal
# import config
packagefile errors=/tmp/go-build3886251060/b003/_pkg_.a
packagefile internal/bytealg=/tmp/go-build3886251060/b010/_pkg_.a
packagefile unicode/utf8=/tmp/go-build3886251060/b034/_pkg_.a
EOF
/usr/local/go/pkg/tool/linux_amd64/compile -o $WORK/b044/_pkg_.a -trimpath "$WORK/b044=>" -p path -lang=go1.23 -std -complete -buildid ZKtoESDye_4xNW_6iLpf/ZKtoESDye_4xNW_6iLpf -goversion go1.23.0 -c=4 -nolocalimports -importcfg $WORK/b044/importcfg -pack /usr/local/go/src/path/match.go /usr/local/go/src/path/path.go
cat >/tmp/go-build3886251060/b033/importcfg << 'EOF' # internal
# import config
packagefile errors=/tmp/go-build3886251060/b003/_pkg_.a
packagefile internal/bytealg=/tmp/go-build3886251060/b010/_pkg_.a
packagefile internal/stringslite=/tmp/go-build3886251060/b022/_pkg_.a
packagefile math=/tmp/go-build3886251060/b031/_pkg_.a
packagefile math/bits=/tmp/go-build3886251060/b032/_pkg_.a
packagefile unicode/utf8=/tmp/go-build3886251060/b034/_pkg_.a
EOF
/usr/local/go/pkg/tool/linux_amd64/compile -o $WORK/b033/_pkg_.a -trimpath "$WORK/b033=>" -p strconv -lang=go1.23 -std -complete -buildid xC7qk5_0-RBKKcytYaez/xC7qk5_0-RBKKcytYaez -goversion go1.23.0 -c=4 -nolocalimports -importcfg $WORK/b033/importcfg -pack /usr/local/go/src/strconv/atob.go /usr/local/go/src/strconv/atoc.go /usr/local/go/src/strconv/atof.go /usr/local/go/src/strconv/atoi.go /usr/local/go/src/strconv/bytealg.go /usr/local/go/src/strconv/ctoa.go /usr/local/go/src/strconv/decimal.go /usr/local/go/src/strconv/doc.go /usr/local/go/src/strconv/eisel_lemire.go /usr/local/go/src/strconv/ftoa.go /usr/local/go/src/strconv/ftoaryu.go /usr/local/go/src/strconv/isprint.go /usr/local/go/src/strconv/itoa.go /usr/local/go/src/strconv/quote.go
/usr/local/go/pkg/tool/linux_amd64/buildid -w $WORK/b043/_pkg_.a # internal
cp $WORK/b043/_pkg_.a /root/.cache/go-build/95/951a5dcb70877880a2bfee776e81859931ac0a2f9d4018bd8e2729d5e608009f-d # internal
mkdir -p $WORK/b048/
echo -n > $WORK/b048/go_asm.h # internal
cd /usr/local/go/src/syscall
/usr/local/go/pkg/tool/linux_amd64/asm -p syscall -trimpath "$WORK/b048=>" -I $WORK/b048/ -I /usr/local/go/pkg/include -D GOOS_linux -D GOARCH_amd64 -D GOAMD64_v1 -gensymabis -o $WORK/b048/symabis ./asm_linux_amd64.s
cat >/tmp/go-build3886251060/b048/importcfg << 'EOF' # internal
# import config
packagefile errors=/tmp/go-build3886251060/b003/_pkg_.a
packagefile internal/asan=/tmp/go-build3886251060/b049/_pkg_.a
packagefile internal/bytealg=/tmp/go-build3886251060/b010/_pkg_.a
packagefile internal/byteorder=/tmp/go-build3886251060/b013/_pkg_.a
packagefile internal/goarch=/tmp/go-build3886251060/b006/_pkg_.a
packagefile internal/itoa=/tmp/go-build3886251060/b028/_pkg_.a
packagefile internal/msan=/tmp/go-build3886251060/b050/_pkg_.a
packagefile internal/oserror=/tmp/go-build3886251060/b043/_pkg_.a
packagefile internal/race=/tmp/go-build3886251060/b030/_pkg_.a
packagefile internal/runtime/syscall=/tmp/go-build3886251060/b021/_pkg_.a
packagefile runtime=/tmp/go-build3886251060/b009/_pkg_.a
packagefile sync=/tmp/go-build3886251060/b035/_pkg_.a
packagefile sync/atomic=/tmp/go-build3886251060/b036/_pkg_.a
EOF
cd /root/rem/god-rem/ProgrammingLanguages/Go/Proc
/usr/local/go/pkg/tool/linux_amd64/compile -o $WORK/b048/_pkg_.a -trimpath "$WORK/b048=>" -p syscall -lang=go1.23 -std -buildid axmpKXpR0wXyApvIeF2j/axmpKXpR0wXyApvIeF2j -goversion go1.23.0 -symabis $WORK/b048/symabis -c=4 -nolocalimports -importcfg $WORK/b048/importcfg -pack -asmhdr $WORK/b048/go_asm.h /usr/local/go/src/syscall/badlinkname_unix.go /usr/local/go/src/syscall/dirent.go /usr/local/go/src/syscall/env_unix.go /usr/local/go/src/syscall/exec_linux.go /usr/local/go/src/syscall/exec_unix.go /usr/local/go/src/syscall/flock_linux.go /usr/local/go/src/syscall/forkpipe2.go /usr/local/go/src/syscall/linkname_unix.go /usr/local/go/src/syscall/lsf_linux.go /usr/local/go/src/syscall/net.go /usr/local/go/src/syscall/netlink_linux.go /usr/local/go/src/syscall/rlimit.go /usr/local/go/src/syscall/rlimit_stub.go /usr/local/go/src/syscall/setuidgid_linux.go /usr/local/go/src/syscall/sockcmsg_linux.go /usr/local/go/src/syscall/sockcmsg_unix.go /usr/local/go/src/syscall/sockcmsg_unix_other.go /usr/local/go/src/syscall/syscall.go /usr/local/go/src/syscall/syscall_linux.go /usr/local/go/src/syscall/syscall_linux_accept4.go /usr/local/go/src/syscall/syscall_linux_amd64.go /usr/local/go/src/syscall/syscall_unix.go /usr/local/go/src/syscall/time_nofake.go /usr/local/go/src/syscall/timestruct.go /usr/local/go/src/syscall/zerrors_linux_amd64.go /usr/local/go/src/syscall/zsyscall_linux_amd64.go /usr/local/go/src/syscall/zsysnum_linux_amd64.go /usr/local/go/src/syscall/ztypes_linux_amd64.go
/usr/local/go/pkg/tool/linux_amd64/buildid -w $WORK/b046/_pkg_.a # internal
/usr/local/go/pkg/tool/linux_amd64/buildid -w $WORK/b044/_pkg_.a # internal
cp $WORK/b044/_pkg_.a /root/.cache/go-build/8d/8dc1aea3f4f816706f51b40659df9126623b4dc787da063b9bbf4a546e7a7690-d # internal
cp $WORK/b046/_pkg_.a /root/.cache/go-build/b6/b60a7651df8f64e4dc5397e636fcb942f3596300147e285e0ddb0a4c4725e684-d # internal
/usr/local/go/pkg/tool/linux_amd64/buildid -w $WORK/b039/_pkg_.a # internal
cp $WORK/b039/_pkg_.a /root/.cache/go-build/54/5472edafbda4f2cee96aeabd8c5d1ecdac82b51cecd6a028b357d3bc27c12114-d # internal
/usr/local/go/pkg/tool/linux_amd64/buildid -w $WORK/b033/_pkg_.a # internal
cp $WORK/b033/_pkg_.a /root/.cache/go-build/0d/0dceebde396f50b07897e6b43bb0bfa3b7f8d140919960a9508e5afbff719bf2-d # internal
mkdir -p $WORK/b027/
echo -n > $WORK/b027/go_asm.h # internal
cd /usr/local/go/src/reflect
/usr/local/go/pkg/tool/linux_amd64/asm -p reflect -trimpath "$WORK/b027=>" -I $WORK/b027/ -I /usr/local/go/pkg/include -D GOOS_linux -D GOARCH_amd64 -D GOAMD64_v1 -gensymabis -o $WORK/b027/symabis ./asm_amd64.s
cat >/tmp/go-build3886251060/b027/importcfg << 'EOF' # internal
# import config
packagefile errors=/tmp/go-build3886251060/b003/_pkg_.a
packagefile internal/abi=/tmp/go-build3886251060/b005/_pkg_.a
packagefile internal/bytealg=/tmp/go-build3886251060/b010/_pkg_.a
packagefile internal/goarch=/tmp/go-build3886251060/b006/_pkg_.a
packagefile internal/itoa=/tmp/go-build3886251060/b028/_pkg_.a
packagefile internal/unsafeheader=/tmp/go-build3886251060/b008/_pkg_.a
packagefile iter=/tmp/go-build3886251060/b029/_pkg_.a
packagefile math=/tmp/go-build3886251060/b031/_pkg_.a
packagefile runtime=/tmp/go-build3886251060/b009/_pkg_.a
packagefile strconv=/tmp/go-build3886251060/b033/_pkg_.a
packagefile sync=/tmp/go-build3886251060/b035/_pkg_.a
packagefile unicode=/tmp/go-build3886251060/b037/_pkg_.a
packagefile unicode/utf8=/tmp/go-build3886251060/b034/_pkg_.a
EOF
cd /root/rem/god-rem/ProgrammingLanguages/Go/Proc
/usr/local/go/pkg/tool/linux_amd64/compile -o $WORK/b027/_pkg_.a -trimpath "$WORK/b027=>" -p reflect -lang=go1.23 -std -buildid bGD7aZCCl4V7AVIb-jln/bGD7aZCCl4V7AVIb-jln -goversion go1.23.0 -symabis $WORK/b027/symabis -c=4 -nolocalimports -importcfg $WORK/b027/importcfg -pack -asmhdr $WORK/b027/go_asm.h /usr/local/go/src/reflect/abi.go /usr/local/go/src/reflect/badlinkname.go /usr/local/go/src/reflect/deepequal.go /usr/local/go/src/reflect/float32reg_generic.go /usr/local/go/src/reflect/iter.go /usr/local/go/src/reflect/makefunc.go /usr/local/go/src/reflect/swapper.go /usr/local/go/src/reflect/type.go /usr/local/go/src/reflect/value.go /usr/local/go/src/reflect/visiblefields.go
cd /usr/local/go/src/syscall
/usr/local/go/pkg/tool/linux_amd64/asm -p syscall -trimpath "$WORK/b048=>" -I $WORK/b048/ -I /usr/local/go/pkg/include -D GOOS_linux -D GOARCH_amd64 -D GOAMD64_v1 -o $WORK/b048/asm_linux_amd64.o ./asm_linux_amd64.s
/usr/local/go/pkg/tool/linux_amd64/pack r $WORK/b048/_pkg_.a $WORK/b048/asm_linux_amd64.o # internal
/usr/local/go/pkg/tool/linux_amd64/buildid -w $WORK/b048/_pkg_.a # internal
cp $WORK/b048/_pkg_.a /root/.cache/go-build/90/90ad625b8a63a36092e31421108b2952de2fe1305449ed66942011ab963db108-d # internal
mkdir -p $WORK/b053/
mkdir -p $WORK/b045/
mkdir -p $WORK/b052/
cat >/tmp/go-build3886251060/b053/importcfg << 'EOF' # internal
# import config
packagefile syscall=/tmp/go-build3886251060/b048/_pkg_.a
EOF
cd /root/rem/god-rem/ProgrammingLanguages/Go/Proc
/usr/local/go/pkg/tool/linux_amd64/compile -o $WORK/b053/_pkg_.a -trimpath "$WORK/b053=>" -p internal/syscall/execenv -lang=go1.23 -std -complete -buildid p4upssk3k4IgAWNICXrr/p4upssk3k4IgAWNICXrr -goversion go1.23.0 -c=4 -nolocalimports -importcfg $WORK/b053/importcfg -pack /usr/local/go/src/internal/syscall/execenv/execenv_default.go
cat >/tmp/go-build3886251060/b045/importcfg << 'EOF' # internal
# import config
packagefile errors=/tmp/go-build3886251060/b003/_pkg_.a
packagefile internal/bytealg=/tmp/go-build3886251060/b010/_pkg_.a
packagefile internal/godebug=/tmp/go-build3886251060/b046/_pkg_.a
packagefile internal/stringslite=/tmp/go-build3886251060/b022/_pkg_.a
packagefile runtime=/tmp/go-build3886251060/b009/_pkg_.a
packagefile sync=/tmp/go-build3886251060/b035/_pkg_.a
packagefile syscall=/tmp/go-build3886251060/b048/_pkg_.a
EOF
/usr/local/go/pkg/tool/linux_amd64/compile -o $WORK/b045/_pkg_.a -trimpath "$WORK/b045=>" -p time -lang=go1.23 -std -buildid 0w7CigEJX6hoJn4PiAYT/0w7CigEJX6hoJn4PiAYT -goversion go1.23.0 -c=4 -nolocalimports -importcfg $WORK/b045/importcfg -pack /usr/local/go/src/time/format.go /usr/local/go/src/time/format_rfc3339.go /usr/local/go/src/time/sleep.go /usr/local/go/src/time/sys_unix.go /usr/local/go/src/time/tick.go /usr/local/go/src/time/time.go /usr/local/go/src/time/zoneinfo.go /usr/local/go/src/time/zoneinfo_goroot.go /usr/local/go/src/time/zoneinfo_read.go /usr/local/go/src/time/zoneinfo_unix.go
cat >/tmp/go-build3886251060/b052/importcfg << 'EOF' # internal
# import config
packagefile sync/atomic=/tmp/go-build3886251060/b036/_pkg_.a
packagefile syscall=/tmp/go-build3886251060/b048/_pkg_.a
EOF
/usr/local/go/pkg/tool/linux_amd64/compile -o $WORK/b052/_pkg_.a -trimpath "$WORK/b052=>" -p internal/syscall/unix -lang=go1.23 -std -complete -buildid BmEl4UplZWVXPtxwnv2P/BmEl4UplZWVXPtxwnv2P -goversion go1.23.0 -c=4 -nolocalimports -importcfg $WORK/b052/importcfg -pack /usr/local/go/src/internal/syscall/unix/at.go /usr/local/go/src/internal/syscall/unix/at_fstatat.go /usr/local/go/src/internal/syscall/unix/at_sysnum_linux.go /usr/local/go/src/internal/syscall/unix/at_sysnum_newfstatat_linux.go /usr/local/go/src/internal/syscall/unix/constants.go /usr/local/go/src/internal/syscall/unix/copy_file_range_linux.go /usr/local/go/src/internal/syscall/unix/eaccess_linux.go /usr/local/go/src/internal/syscall/unix/fcntl_unix.go /usr/local/go/src/internal/syscall/unix/getrandom.go /usr/local/go/src/internal/syscall/unix/getrandom_linux.go /usr/local/go/src/internal/syscall/unix/kernel_version_linux.go /usr/local/go/src/internal/syscall/unix/net.go /usr/local/go/src/internal/syscall/unix/nofollow_posix.go /usr/local/go/src/internal/syscall/unix/nonblocking_unix.go /usr/local/go/src/internal/syscall/unix/pidfd_linux.go /usr/local/go/src/internal/syscall/unix/siginfo_linux.go /usr/local/go/src/internal/syscall/unix/siginfo_linux_other.go /usr/local/go/src/internal/syscall/unix/sysnum_linux_amd64.go /usr/local/go/src/internal/syscall/unix/tcsetpgrp_linux.go
/usr/local/go/pkg/tool/linux_amd64/buildid -w $WORK/b053/_pkg_.a # internal
cp $WORK/b053/_pkg_.a /root/.cache/go-build/95/950084b47060b2a09fc6d33d2c30efa1180c2f79bfde4d44119c4061e1632261-d # internal
/usr/local/go/pkg/tool/linux_amd64/buildid -w $WORK/b052/_pkg_.a # internal
cp $WORK/b052/_pkg_.a /root/.cache/go-build/27/2759949cdd07d9875e35f3b68e5293706ae1559164a9b637971e7e634feed931-d # internal
/usr/local/go/pkg/tool/linux_amd64/buildid -w $WORK/b045/_pkg_.a # internal
cp $WORK/b045/_pkg_.a /root/.cache/go-build/01/01303e8f0410b32290380b92ee0a10a4aebfe2a93aafd81bf0a7d7abe467db95-d # internal
mkdir -p $WORK/b042/
mkdir -p $WORK/b051/
cat >/tmp/go-build3886251060/b042/importcfg << 'EOF' # internal
# import config
packagefile errors=/tmp/go-build3886251060/b003/_pkg_.a
packagefile internal/bytealg=/tmp/go-build3886251060/b010/_pkg_.a
packagefile internal/oserror=/tmp/go-build3886251060/b043/_pkg_.a
packagefile io=/tmp/go-build3886251060/b039/_pkg_.a
packagefile path=/tmp/go-build3886251060/b044/_pkg_.a
packagefile slices=/tmp/go-build3886251060/b038/_pkg_.a
packagefile time=/tmp/go-build3886251060/b045/_pkg_.a
packagefile unicode/utf8=/tmp/go-build3886251060/b034/_pkg_.a
EOF
/usr/local/go/pkg/tool/linux_amd64/compile -o $WORK/b042/_pkg_.a -trimpath "$WORK/b042=>" -p io/fs -lang=go1.23 -std -complete -buildid TfwC60hQ61i9yPll5_Hi/TfwC60hQ61i9yPll5_Hi -goversion go1.23.0 -c=4 -nolocalimports -importcfg $WORK/b042/importcfg -pack /usr/local/go/src/io/fs/format.go /usr/local/go/src/io/fs/fs.go /usr/local/go/src/io/fs/glob.go /usr/local/go/src/io/fs/readdir.go /usr/local/go/src/io/fs/readfile.go /usr/local/go/src/io/fs/stat.go /usr/local/go/src/io/fs/sub.go /usr/local/go/src/io/fs/walk.go
cat >/tmp/go-build3886251060/b051/importcfg << 'EOF' # internal
# import config
packagefile errors=/tmp/go-build3886251060/b003/_pkg_.a
packagefile internal/itoa=/tmp/go-build3886251060/b028/_pkg_.a
packagefile internal/syscall/unix=/tmp/go-build3886251060/b052/_pkg_.a
packagefile io=/tmp/go-build3886251060/b039/_pkg_.a
packagefile runtime=/tmp/go-build3886251060/b009/_pkg_.a
packagefile sync=/tmp/go-build3886251060/b035/_pkg_.a
packagefile sync/atomic=/tmp/go-build3886251060/b036/_pkg_.a
packagefile syscall=/tmp/go-build3886251060/b048/_pkg_.a
packagefile time=/tmp/go-build3886251060/b045/_pkg_.a
EOF
/usr/local/go/pkg/tool/linux_amd64/compile -o $WORK/b051/_pkg_.a -trimpath "$WORK/b051=>" -p internal/poll -lang=go1.23 -std -buildid 08QdzcuYBReQzFy5u-8w/08QdzcuYBReQzFy5u-8w -goversion go1.23.0 -c=4 -nolocalimports -importcfg $WORK/b051/importcfg -pack /usr/local/go/src/internal/poll/copy_file_range_linux.go /usr/local/go/src/internal/poll/errno_unix.go /usr/local/go/src/internal/poll/fd.go /usr/local/go/src/internal/poll/fd_fsync_posix.go /usr/local/go/src/internal/poll/fd_mutex.go /usr/local/go/src/internal/poll/fd_poll_runtime.go /usr/local/go/src/internal/poll/fd_posix.go /usr/local/go/src/internal/poll/fd_unix.go /usr/local/go/src/internal/poll/fd_unixjs.go /usr/local/go/src/internal/poll/fd_writev_unix.go /usr/local/go/src/internal/poll/hook_cloexec.go /usr/local/go/src/internal/poll/hook_unix.go /usr/local/go/src/internal/poll/iovec_unix.go /usr/local/go/src/internal/poll/sendfile.go /usr/local/go/src/internal/poll/sendfile_linux.go /usr/local/go/src/internal/poll/sock_cloexec.go /usr/local/go/src/internal/poll/sockopt.go /usr/local/go/src/internal/poll/sockopt_linux.go /usr/local/go/src/internal/poll/sockopt_unix.go /usr/local/go/src/internal/poll/sockoptip.go /usr/local/go/src/internal/poll/splice_linux.go /usr/local/go/src/internal/poll/writev.go
/usr/local/go/pkg/tool/linux_amd64/buildid -w $WORK/b042/_pkg_.a # internal
cd /usr/local/go/src/reflect
/usr/local/go/pkg/tool/linux_amd64/asm -p reflect -trimpath "$WORK/b027=>" -I $WORK/b027/ -I /usr/local/go/pkg/include -D GOOS_linux -D GOARCH_amd64 -D GOAMD64_v1 -o $WORK/b027/asm_amd64.o ./asm_amd64.s
cp $WORK/b042/_pkg_.a /root/.cache/go-build/26/2628f30cbfed3b9d560d9d0ed24228fe219b4ad7c3cc538d800626cd303cd63c-d # internal
mkdir -p $WORK/b041/
cat >/tmp/go-build3886251060/b041/importcfg << 'EOF' # internal
# import config
packagefile errors=/tmp/go-build3886251060/b003/_pkg_.a
packagefile internal/bytealg=/tmp/go-build3886251060/b010/_pkg_.a
packagefile internal/stringslite=/tmp/go-build3886251060/b022/_pkg_.a
packagefile io/fs=/tmp/go-build3886251060/b042/_pkg_.a
packagefile slices=/tmp/go-build3886251060/b038/_pkg_.a
EOF
cd /root/rem/god-rem/ProgrammingLanguages/Go/Proc
/usr/local/go/pkg/tool/linux_amd64/compile -o $WORK/b041/_pkg_.a -trimpath "$WORK/b041=>" -p internal/filepathlite -lang=go1.23 -std -complete -buildid yr8sdTD8ouCL4dKlJK5i/yr8sdTD8ouCL4dKlJK5i -goversion go1.23.0 -c=4 -nolocalimports -importcfg $WORK/b041/importcfg -pack /usr/local/go/src/internal/filepathlite/path.go /usr/local/go/src/internal/filepathlite/path_nonwindows.go /usr/local/go/src/internal/filepathlite/path_unix.go
cd /usr/local/go/src/reflect
/usr/local/go/pkg/tool/linux_amd64/pack r $WORK/b027/_pkg_.a $WORK/b027/asm_amd64.o # internal
/usr/local/go/pkg/tool/linux_amd64/buildid -w $WORK/b027/_pkg_.a # internal
cp $WORK/b027/_pkg_.a /root/.cache/go-build/a0/a07c7a30df8b32e68bddca175d3566cd5264c303d2da7ce8f7406065ba0fa6d0-d # internal
mkdir -p $WORK/b025/
cat >/tmp/go-build3886251060/b025/importcfg << 'EOF' # internal
# import config
packagefile cmp=/tmp/go-build3886251060/b026/_pkg_.a
packagefile reflect=/tmp/go-build3886251060/b027/_pkg_.a
packagefile slices=/tmp/go-build3886251060/b038/_pkg_.a
EOF
cd /root/rem/god-rem/ProgrammingLanguages/Go/Proc
/usr/local/go/pkg/tool/linux_amd64/compile -o $WORK/b025/_pkg_.a -trimpath "$WORK/b025=>" -p internal/fmtsort -lang=go1.23 -std -complete -buildid f70q13Z9dLQ6HYtn-Mtv/f70q13Z9dLQ6HYtn-Mtv -goversion go1.23.0 -c=4 -nolocalimports -importcfg $WORK/b025/importcfg -pack /usr/local/go/src/internal/fmtsort/sort.go
/usr/local/go/pkg/tool/linux_amd64/buildid -w $WORK/b041/_pkg_.a # internal
cp $WORK/b041/_pkg_.a /root/.cache/go-build/aa/aa569f56cabc7d053b9872e6b0fabaa22d4728232b69c26f2245479ef43df247-d # internal
/usr/local/go/pkg/tool/linux_amd64/buildid -w $WORK/b025/_pkg_.a # internal
cp $WORK/b025/_pkg_.a /root/.cache/go-build/d5/d579a964921471336dde621b2d445b999953d1176174a4f362393c5324335752-d # internal
/usr/local/go/pkg/tool/linux_amd64/buildid -w $WORK/b051/_pkg_.a # internal
cp $WORK/b051/_pkg_.a /root/.cache/go-build/cd/cd73d037b44c338b5fdf7a15a06320475ff2c09a84fa157f6ee335f27bb42dd1-d # internal
mkdir -p $WORK/b040/
cat >/tmp/go-build3886251060/b040/importcfg << 'EOF' # internal
# import config
packagefile errors=/tmp/go-build3886251060/b003/_pkg_.a
packagefile internal/bytealg=/tmp/go-build3886251060/b010/_pkg_.a
packagefile internal/byteorder=/tmp/go-build3886251060/b013/_pkg_.a
packagefile internal/filepathlite=/tmp/go-build3886251060/b041/_pkg_.a
packagefile internal/goarch=/tmp/go-build3886251060/b006/_pkg_.a
packagefile internal/itoa=/tmp/go-build3886251060/b028/_pkg_.a
packagefile internal/poll=/tmp/go-build3886251060/b051/_pkg_.a
packagefile internal/stringslite=/tmp/go-build3886251060/b022/_pkg_.a
packagefile internal/syscall/execenv=/tmp/go-build3886251060/b053/_pkg_.a
packagefile internal/syscall/unix=/tmp/go-build3886251060/b052/_pkg_.a
packagefile internal/testlog=/tmp/go-build3886251060/b054/_pkg_.a
packagefile io=/tmp/go-build3886251060/b039/_pkg_.a
packagefile io/fs=/tmp/go-build3886251060/b042/_pkg_.a
packagefile runtime=/tmp/go-build3886251060/b009/_pkg_.a
packagefile slices=/tmp/go-build3886251060/b038/_pkg_.a
packagefile sync=/tmp/go-build3886251060/b035/_pkg_.a
packagefile sync/atomic=/tmp/go-build3886251060/b036/_pkg_.a
packagefile syscall=/tmp/go-build3886251060/b048/_pkg_.a
packagefile time=/tmp/go-build3886251060/b045/_pkg_.a
EOF
/usr/local/go/pkg/tool/linux_amd64/compile -o $WORK/b040/_pkg_.a -trimpath "$WORK/b040=>" -p os -lang=go1.23 -std -buildid uQarr-d87gDvJM9vM04j/uQarr-d87gDvJM9vM04j -goversion go1.23.0 -c=4 -nolocalimports -importcfg $WORK/b040/importcfg -pack /usr/local/go/src/os/dir.go /usr/local/go/src/os/dir_unix.go /usr/local/go/src/os/dirent_linux.go /usr/local/go/src/os/env.go /usr/local/go/src/os/error.go /usr/local/go/src/os/error_errno.go /usr/local/go/src/os/exec.go /usr/local/go/src/os/exec_linux.go /usr/local/go/src/os/exec_posix.go /usr/local/go/src/os/exec_unix.go /usr/local/go/src/os/executable.go /usr/local/go/src/os/executable_procfs.go /usr/local/go/src/os/file.go /usr/local/go/src/os/file_open_unix.go /usr/local/go/src/os/file_posix.go /usr/local/go/src/os/file_unix.go /usr/local/go/src/os/getwd.go /usr/local/go/src/os/path.go /usr/local/go/src/os/path_unix.go /usr/local/go/src/os/pidfd_linux.go /usr/local/go/src/os/pipe2_unix.go /usr/local/go/src/os/proc.go /usr/local/go/src/os/rawconn.go /usr/local/go/src/os/removeall_at.go /usr/local/go/src/os/stat.go /usr/local/go/src/os/stat_linux.go /usr/local/go/src/os/stat_unix.go /usr/local/go/src/os/sticky_notbsd.go /usr/local/go/src/os/sys.go /usr/local/go/src/os/sys_linux.go /usr/local/go/src/os/sys_unix.go /usr/local/go/src/os/tempfile.go /usr/local/go/src/os/types.go /usr/local/go/src/os/types_unix.go /usr/local/go/src/os/wait_waitid.go /usr/local/go/src/os/zero_copy_linux.go
/usr/local/go/pkg/tool/linux_amd64/buildid -w $WORK/b040/_pkg_.a # internal
cp $WORK/b040/_pkg_.a /root/.cache/go-build/1d/1d2168aac7d9057f0ed8fc25c57a70fc7c1e030c3ca3dd040a5bf6e6218c91a7-d # internal
mkdir -p $WORK/b002/
cat >/tmp/go-build3886251060/b002/importcfg << 'EOF' # internal
# import config
packagefile errors=/tmp/go-build3886251060/b003/_pkg_.a
packagefile internal/fmtsort=/tmp/go-build3886251060/b025/_pkg_.a
packagefile io=/tmp/go-build3886251060/b039/_pkg_.a
packagefile math=/tmp/go-build3886251060/b031/_pkg_.a
packagefile os=/tmp/go-build3886251060/b040/_pkg_.a
packagefile reflect=/tmp/go-build3886251060/b027/_pkg_.a
packagefile slices=/tmp/go-build3886251060/b038/_pkg_.a
packagefile strconv=/tmp/go-build3886251060/b033/_pkg_.a
packagefile sync=/tmp/go-build3886251060/b035/_pkg_.a
packagefile unicode/utf8=/tmp/go-build3886251060/b034/_pkg_.a
EOF
/usr/local/go/pkg/tool/linux_amd64/compile -o $WORK/b002/_pkg_.a -trimpath "$WORK/b002=>" -p fmt -lang=go1.23 -std -complete -buildid RZjU_ooXkrc7ZQdk77dO/RZjU_ooXkrc7ZQdk77dO -goversion go1.23.0 -c=4 -nolocalimports -importcfg $WORK/b002/importcfg -pack /usr/local/go/src/fmt/doc.go /usr/local/go/src/fmt/errors.go /usr/local/go/src/fmt/format.go /usr/local/go/src/fmt/print.go /usr/local/go/src/fmt/scan.go
/usr/local/go/pkg/tool/linux_amd64/buildid -w $WORK/b002/_pkg_.a # internal
cp $WORK/b002/_pkg_.a /root/.cache/go-build/b2/b2ac74e0e0bae33738c483705abd03630d42d14a1c802ef341a9786cc98dbc49-d # internal
mkdir -p $WORK/b001/
cat >/tmp/go-build3886251060/b001/importcfg << 'EOF' # internal
# import config
packagefile fmt=/tmp/go-build3886251060/b002/_pkg_.a
packagefile time=/tmp/go-build3886251060/b045/_pkg_.a
packagefile runtime=/tmp/go-build3886251060/b009/_pkg_.a
EOF
/usr/local/go/pkg/tool/linux_amd64/compile -o $WORK/b001/_pkg_.a -trimpath "$WORK/b001=>" -p main -lang=go1.23 -complete -buildid oQIQ34onvGq6FLrJ9jBJ/oQIQ34onvGq6FLrJ9jBJ -goversion go1.23.0 -c=4 -nolocalimports -importcfg $WORK/b001/importcfg -pack ./main.go
/usr/local/go/pkg/tool/linux_amd64/buildid -w $WORK/b001/_pkg_.a # internal
cp $WORK/b001/_pkg_.a /root/.cache/go-build/0b/0b908ba9ca65aaea4acc2e27a8a0e62739ff634efe0edef3806fcf69c75851bf-d # internal
cat >/tmp/go-build3886251060/b001/importcfg.link << 'EOF' # internal
packagefile command-line-arguments=/tmp/go-build3886251060/b001/_pkg_.a
packagefile fmt=/tmp/go-build3886251060/b002/_pkg_.a
packagefile time=/tmp/go-build3886251060/b045/_pkg_.a
packagefile runtime=/tmp/go-build3886251060/b009/_pkg_.a
packagefile errors=/tmp/go-build3886251060/b003/_pkg_.a
packagefile internal/fmtsort=/tmp/go-build3886251060/b025/_pkg_.a
packagefile io=/tmp/go-build3886251060/b039/_pkg_.a
packagefile math=/tmp/go-build3886251060/b031/_pkg_.a
packagefile os=/tmp/go-build3886251060/b040/_pkg_.a
packagefile reflect=/tmp/go-build3886251060/b027/_pkg_.a
packagefile slices=/tmp/go-build3886251060/b038/_pkg_.a
packagefile strconv=/tmp/go-build3886251060/b033/_pkg_.a
packagefile sync=/tmp/go-build3886251060/b035/_pkg_.a
packagefile unicode/utf8=/tmp/go-build3886251060/b034/_pkg_.a
packagefile internal/bytealg=/tmp/go-build3886251060/b010/_pkg_.a
packagefile internal/godebug=/tmp/go-build3886251060/b046/_pkg_.a
packagefile internal/stringslite=/tmp/go-build3886251060/b022/_pkg_.a
packagefile syscall=/tmp/go-build3886251060/b048/_pkg_.a
packagefile internal/abi=/tmp/go-build3886251060/b005/_pkg_.a
packagefile internal/chacha8rand=/tmp/go-build3886251060/b012/_pkg_.a
packagefile internal/coverage/rtcov=/tmp/go-build3886251060/b014/_pkg_.a
packagefile internal/cpu=/tmp/go-build3886251060/b011/_pkg_.a
packagefile internal/goarch=/tmp/go-build3886251060/b006/_pkg_.a
packagefile internal/godebugs=/tmp/go-build3886251060/b015/_pkg_.a
packagefile internal/goexperiment=/tmp/go-build3886251060/b016/_pkg_.a
packagefile internal/goos=/tmp/go-build3886251060/b017/_pkg_.a
packagefile internal/profilerecord=/tmp/go-build3886251060/b018/_pkg_.a
packagefile internal/runtime/atomic=/tmp/go-build3886251060/b019/_pkg_.a
packagefile internal/runtime/exithook=/tmp/go-build3886251060/b020/_pkg_.a
packagefile internal/runtime/syscall=/tmp/go-build3886251060/b021/_pkg_.a
packagefile runtime/internal/math=/tmp/go-build3886251060/b023/_pkg_.a
packagefile runtime/internal/sys=/tmp/go-build3886251060/b024/_pkg_.a
packagefile internal/reflectlite=/tmp/go-build3886251060/b004/_pkg_.a
packagefile cmp=/tmp/go-build3886251060/b026/_pkg_.a
packagefile math/bits=/tmp/go-build3886251060/b032/_pkg_.a
packagefile internal/byteorder=/tmp/go-build3886251060/b013/_pkg_.a
packagefile internal/filepathlite=/tmp/go-build3886251060/b041/_pkg_.a
packagefile internal/itoa=/tmp/go-build3886251060/b028/_pkg_.a
packagefile internal/poll=/tmp/go-build3886251060/b051/_pkg_.a
packagefile internal/syscall/execenv=/tmp/go-build3886251060/b053/_pkg_.a
packagefile internal/syscall/unix=/tmp/go-build3886251060/b052/_pkg_.a
packagefile internal/testlog=/tmp/go-build3886251060/b054/_pkg_.a
packagefile io/fs=/tmp/go-build3886251060/b042/_pkg_.a
packagefile sync/atomic=/tmp/go-build3886251060/b036/_pkg_.a
packagefile internal/unsafeheader=/tmp/go-build3886251060/b008/_pkg_.a
packagefile iter=/tmp/go-build3886251060/b029/_pkg_.a
packagefile unicode=/tmp/go-build3886251060/b037/_pkg_.a
packagefile internal/race=/tmp/go-build3886251060/b030/_pkg_.a
packagefile internal/bisect=/tmp/go-build3886251060/b047/_pkg_.a
packagefile internal/asan=/tmp/go-build3886251060/b049/_pkg_.a
packagefile internal/msan=/tmp/go-build3886251060/b050/_pkg_.a
packagefile internal/oserror=/tmp/go-build3886251060/b043/_pkg_.a
packagefile path=/tmp/go-build3886251060/b044/_pkg_.a
modinfo "0w\xaf\f\x92t\b\x02A\xe1\xc1\a\xe6\xd6\x18\xe6path\tcommand-line-arguments\nbuild\t-buildmode=exe\nbuild\t-compiler=gc\nbuild\tCGO_ENABLED=1\nbuild\tCGO_CFLAGS=\nbuild\tCGO_CPPFLAGS=\nbuild\tCGO_CXXFLAGS=\nbuild\tCGO_LDFLAGS=\nbuild\tGOARCH=amd64\nbuild\tGOOS=linux\nbuild\tGOAMD64=v1\n\xf92C1\x86\x18 r\x00\x82B\x10A\x16\xd8\xf2"
EOF
mkdir -p $WORK/b001/exe/
cd .
GOROOT='/usr/local/go' /usr/local/go/pkg/tool/linux_amd64/link -o $WORK/b001/exe/a.out -importcfg $WORK/b001/importcfg.link -buildmode=exe -buildid=JWCKsZkDc3FB174LP1D0/oQIQ34onvGq6FLrJ9jBJ/9Wm9iVyvrUCwHfbOJ7yg/JWCKsZkDc3FB174LP1D0 -extld=gcc $WORK/b001/_pkg_.a
/usr/local/go/pkg/tool/linux_amd64/buildid -w $WORK/b001/exe/a.out # internal
mv $WORK/b001/exe/a.out main_bin
